Using pre-set license
Built from '2020.3/staging' branch; Version is '2020.3.6f1 (338bb68529b2) revision 3378102'; Using compiler version '192528614'; Build Type 'Release'
OS: 'Windows 10 Home Single Language; OS build 19043.985; Version 2009; 64bit' Language: 'es' Physical Memory: 11696 MB
BatchMode: 1, IsHumanControllingUs: 0, StartBugReporterOnCrash: 0, Is64bit: 1, IsPro: 0

 COMMAND LINE ARGUMENTS:
C:\Program Files\Unity\Hub\Editor\2020.3.6f1\Editor\Unity.exe
-adb2
-batchMode
-noUpm
-name
AssetImportWorker1
-projectPath
C:/Users/japra/Desktop/The-Minotaur-sMaze
-logFile
Logs/AssetImportWorker1.log
-srvPort
55187
Successfully changed project path to: C:/Users/japra/Desktop/The-Minotaur-sMaze
C:/Users/japra/Desktop/The-Minotaur-sMaze
Using Asset Import Pipeline V2.
Refreshing native plugins compatible for Editor in 37.90 ms, found 0 plugins.
Preloading 0 native plugins for Editor in 0.00 ms.
Initialize engine version: 2020.3.6f1 (338bb68529b2)
[Subsystems] Discovering subsystems at path C:/Program Files/Unity/Hub/Editor/2020.3.6f1/Editor/Data/Resources/UnitySubsystems
[Subsystems] Discovering subsystems at path C:/Users/japra/Desktop/The-Minotaur-sMaze/Assets
GfxDevice: creating device client; threaded=0
Direct3D:
    Version:  Direct3D 11.0 [level 11.1]
    Renderer: AMD Radeon (TM) R5 M330 (ID=0x6660)
    Vendor:   
    VRAM:     2039 MB
    Driver:   27.20.21002.112
Initialize mono
Mono path[0] = 'C:/Program Files/Unity/Hub/Editor/2020.3.6f1/Editor/Data/Managed'
Mono path[1] = 'C:/Program Files/Unity/Hub/Editor/2020.3.6f1/Editor/Data/MonoBleedingEdge/lib/mono/unityjit'
Mono config path = 'C:/Program Files/Unity/Hub/Editor/2020.3.6f1/Editor/Data/MonoBleedingEdge/etc'
Using monoOptions --debugger-agent=transport=dt_socket,embedding=1,server=y,suspend=n,address=127.0.0.1:56072
Begin MonoManager ReloadAssembly
Registering precompiled unity dll's ...
Register platform support module: C:/Program Files/Unity/Hub/Editor/2020.3.6f1/Editor/Data/PlaybackEngines/WebGLSupport/UnityEditor.WebGL.Extensions.dll
Register platform support module: C:/Program Files/Unity/Hub/Editor/2020.3.6f1/Editor/Data/PlaybackEngines/WindowsStandaloneSupport/UnityEditor.WindowsStandalone.Extensions.dll
Registered in 0.003194 seconds.
Native extension for WindowsStandalone target not found
Native extension for WebGL target not found
Refreshing native plugins compatible for Editor in 37.51 ms, found 0 plugins.
Preloading 0 native plugins for Editor in 0.00 ms.
Mono: successfully reloaded assembly
- Completed reload, in  5.056 seconds
Platform modules already initialized, skipping
Registering precompiled user dll's ...
Registered in 0.000967 seconds.
Begin MonoManager ReloadAssembly
Native extension for WindowsStandalone target not found
Native extension for WebGL target not found
Refreshing native plugins compatible for Editor in 0.26 ms, found 0 plugins.
Preloading 0 native plugins for Editor in 0.00 ms.
Mono: successfully reloaded assembly
- Completed reload, in  1.239 seconds
Platform modules already initialized, skipping
========================================================================
Worker process is ready to serve import requests
Launched and connected shader compiler UnityShaderCompiler.exe after 0.10 seconds
Refreshing native plugins compatible for Editor in 0.27 ms, found 0 plugins.
Preloading 0 native plugins for Editor in 0.00 ms.
Unloading 1132 Unused Serialized files (Serialized files now loaded: 0)
System memory in use before: 64.6 MB.
System memory in use after: 64.7 MB.

Unloading 9 unused Assets to reduce memory usage. Loaded Objects now: 1590.
Total: 2.297200 ms (FindLiveObjects: 0.222500 ms CreateObjectMapping: 0.154600 ms MarkObjects: 1.840700 ms  DeleteObjects: 0.078300 ms)

========================================================================
Received Import Request.
  path: Assets/Scenes/Menus/Menu_Dificultad.unity
  artifactKey: Guid(e3dff8ddb61ee9241b9d0f0d6e9af6a0) Importer(815301076,1909f56bfc062723c751e8b465ee728b)
Start importing Assets/Scenes/Menus/Menu_Dificultad.unity using Guid(e3dff8ddb61ee9241b9d0f0d6e9af6a0) Importer(815301076,1909f56bfc062723c751e8b465ee728b)  -> (artifact id: '4d3b3dc48e53fa49924bdbaff6de3282') in 0.015902 seconds
  Import took 0.018857 seconds .

========================================================================
Received Import Request.
  Time since last request: 5.406746 seconds.
  path: Assets/Scenes/Dificultades/Facil.unity
  artifactKey: Guid(f451efdac275621448fc9285c24ddbfc) Importer(815301076,1909f56bfc062723c751e8b465ee728b)
Start importing Assets/Scenes/Dificultades/Facil.unity using Guid(f451efdac275621448fc9285c24ddbfc) Importer(815301076,1909f56bfc062723c751e8b465ee728b)  -> (artifact id: 'ac155b968d72676863b0d0b13c1360c4') in 0.011976 seconds
  Import took 0.015325 seconds .

========================================================================
Received Import Request.
  Time since last request: 57.623268 seconds.
  path: Assets/Scenes/Dificultades/Media.unity
  artifactKey: Guid(908b891bdf4c4d5498b6635488fe6177) Importer(815301076,1909f56bfc062723c751e8b465ee728b)
Start importing Assets/Scenes/Dificultades/Media.unity using Guid(908b891bdf4c4d5498b6635488fe6177) Importer(815301076,1909f56bfc062723c751e8b465ee728b)  -> (artifact id: '95cb508133276a322166b693fcfb0c4c') in 0.014141 seconds
  Import took 0.017602 seconds .

========================================================================
Received Import Request.
  Time since last request: 0.855395 seconds.
  path: Assets/Scenes/Dificultades/Dificil.unity
  artifactKey: Guid(9e1a6f52644324f45bd567ec1d9798df) Importer(815301076,1909f56bfc062723c751e8b465ee728b)
Start importing Assets/Scenes/Dificultades/Dificil.unity using Guid(9e1a6f52644324f45bd567ec1d9798df) Importer(815301076,1909f56bfc062723c751e8b465ee728b)  -> (artifact id: 'bd621f867262f8e166c5ad02ecdaa96f') in 0.019242 seconds
  Import took 0.023342 seconds .

========================================================================
Received Import Request.
  Time since last request: 55.193537 seconds.
  path: Assets/controladorMenu_Inicio.cs
  artifactKey: Guid(f371694a2fac6af4080a85dafcc0ccfe) Importer(815301076,1909f56bfc062723c751e8b465ee728b)
Start importing Assets/controladorMenu_Inicio.cs using Guid(f371694a2fac6af4080a85dafcc0ccfe) Importer(815301076,1909f56bfc062723c751e8b465ee728b)  -> (artifact id: '1714ec5640055df337a409621ab41911') in 0.047590 seconds
  Import took 0.051062 seconds .

========================================================================
Received Import Request.
  Time since last request: 0.009503 seconds.
  path: Assets/controladorMenu_Inicio.cs
  artifactKey: Guid(f371694a2fac6af4080a85dafcc0ccfe) Importer(815301076,1909f56bfc062723c751e8b465ee728b)
Start importing Assets/controladorMenu_Inicio.cs using Guid(f371694a2fac6af4080a85dafcc0ccfe) Importer(815301076,1909f56bfc062723c751e8b465ee728b)  -> (artifact id: '1714ec5640055df337a409621ab41911') in 0.012012 seconds
  Import took 0.015011 seconds .

========================================================================
Received Prepare
Registering precompiled user dll's ...
Registered in 0.001219 seconds.
Begin MonoManager ReloadAssembly
Native extension for WindowsStandalone target not found
Native extension for WebGL target not found
Refreshing native plugins compatible for Editor in 0.35 ms, found 0 plugins.
Preloading 0 native plugins for Editor in 0.00 ms.
Mono: successfully reloaded assembly
- Completed reload, in  1.662 seconds
Platform modules already initialized, skipping
Refreshing native plugins compatible for Editor in 0.28 ms, found 0 plugins.
Preloading 0 native plugins for Editor in 0.00 ms.
Unloading 1126 Unused Serialized files (Serialized files now loaded: 0)
System memory in use before: 64.5 MB.
System memory in use after: 64.6 MB.

Unloading 4 unused Assets to reduce memory usage. Loaded Objects now: 1593.
Total: 3.410900 ms (FindLiveObjects: 0.243700 ms CreateObjectMapping: 0.083900 ms MarkObjects: 3.029900 ms  DeleteObjects: 0.050800 ms)

========================================================================
Received Prepare
Registering precompiled user dll's ...
Registered in 0.000972 seconds.
Begin MonoManager ReloadAssembly
Native extension for WindowsStandalone target not found
Native extension for WebGL target not found
Refreshing native plugins compatible for Editor in 0.38 ms, found 0 plugins.
Preloading 0 native plugins for Editor in 0.00 ms.
Mono: successfully reloaded assembly
- Completed reload, in  1.270 seconds
Platform modules already initialized, skipping
Refreshing native plugins compatible for Editor in 0.27 ms, found 0 plugins.
Preloading 0 native plugins for Editor in 0.00 ms.
Unloading 1126 Unused Serialized files (Serialized files now loaded: 0)
System memory in use before: 64.5 MB.
System memory in use after: 64.6 MB.

Unloading 4 unused Assets to reduce memory usage. Loaded Objects now: 1596.
Total: 1.789100 ms (FindLiveObjects: 0.220000 ms CreateObjectMapping: 0.055100 ms MarkObjects: 1.495300 ms  DeleteObjects: 0.016400 ms)

========================================================================
Received Prepare
Registering precompiled user dll's ...
Registered in 0.001337 seconds.
Begin MonoManager ReloadAssembly
Native extension for WindowsStandalone target not found
Native extension for WebGL target not found
Refreshing native plugins compatible for Editor in 0.30 ms, found 0 plugins.
Preloading 0 native plugins for Editor in 0.00 ms.
Mono: successfully reloaded assembly
- Completed reload, in  1.697 seconds
Platform modules already initialized, skipping
Refreshing native plugins compatible for Editor in 0.30 ms, found 0 plugins.
Preloading 0 native plugins for Editor in 0.00 ms.
Unloading 1126 Unused Serialized files (Serialized files now loaded: 0)
System memory in use before: 64.5 MB.
System memory in use after: 64.6 MB.

Unloading 4 unused Assets to reduce memory usage. Loaded Objects now: 1599.
Total: 3.404800 ms (FindLiveObjects: 0.375300 ms CreateObjectMapping: 0.089200 ms MarkObjects: 2.910000 ms  DeleteObjects: 0.027300 ms)

========================================================================
Received Prepare
Registering precompiled user dll's ...
Registered in 0.001220 seconds.
Begin MonoManager ReloadAssembly
Native extension for WindowsStandalone target not found
Native extension for WebGL target not found
Refreshing native plugins compatible for Editor in 0.49 ms, found 0 plugins.
Preloading 0 native plugins for Editor in 0.00 ms.
Mono: successfully reloaded assembly
- Completed reload, in  1.774 seconds
Platform modules already initialized, skipping
Refreshing native plugins compatible for Editor in 0.43 ms, found 0 plugins.
Preloading 0 native plugins for Editor in 0.00 ms.
Unloading 1126 Unused Serialized files (Serialized files now loaded: 0)
System memory in use before: 64.5 MB.
System memory in use after: 64.6 MB.

Unloading 4 unused Assets to reduce memory usage. Loaded Objects now: 1602.
Total: 2.125600 ms (FindLiveObjects: 0.193400 ms CreateObjectMapping: 0.058800 ms MarkObjects: 1.852900 ms  DeleteObjects: 0.018300 ms)

========================================================================
Received Import Request.
  Time since last request: 892.201797 seconds.
  path: Assets/Scenes/Dificultades/Imposible.unity
  artifactKey: Guid(9f84c8304af36e246a2d313dd6c0dbb1) Importer(815301076,1909f56bfc062723c751e8b465ee728b)
Start importing Assets/Scenes/Dificultades/Imposible.unity using Guid(9f84c8304af36e246a2d313dd6c0dbb1) Importer(815301076,1909f56bfc062723c751e8b465ee728b)  -> (artifact id: 'f1de45bdccbcabf64e65c9455efd559b') in 0.033427 seconds
  Import took 0.036184 seconds .

========================================================================
Received Import Request.
  Time since last request: 45.075713 seconds.
  path: Assets/Scenes/Dificultades/Facil.unity
  artifactKey: Guid(f451efdac275621448fc9285c24ddbfc) Importer(815301076,1909f56bfc062723c751e8b465ee728b)
Start importing Assets/Scenes/Dificultades/Facil.unity using Guid(f451efdac275621448fc9285c24ddbfc) Importer(815301076,1909f56bfc062723c751e8b465ee728b)  -> (artifact id: '9058109495e7a5438d675a2bf3cb7722') in 0.007411 seconds
  Import took 0.010855 seconds .

========================================================================
Received Import Request.
  Time since last request: 0.031599 seconds.
  path: Assets/Scenes/Dificultades/Facil.unity
  artifactKey: Guid(f451efdac275621448fc9285c24ddbfc) Importer(815301076,1909f56bfc062723c751e8b465ee728b)
Start importing Assets/Scenes/Dificultades/Facil.unity using Guid(f451efdac275621448fc9285c24ddbfc) Importer(815301076,1909f56bfc062723c751e8b465ee728b)  -> (artifact id: '9058109495e7a5438d675a2bf3cb7722') in 0.015316 seconds
  Import took 0.019771 seconds .

========================================================================
Received Prepare
Registering precompiled user dll's ...
Registered in 0.001070 seconds.
Begin MonoManager ReloadAssembly
Native extension for WindowsStandalone target not found
Native extension for WebGL target not found
Refreshing native plugins compatible for Editor in 0.25 ms, found 0 plugins.
Preloading 0 native plugins for Editor in 0.00 ms.
Mono: successfully reloaded assembly
- Completed reload, in  1.050 seconds
Platform modules already initialized, skipping
Refreshing native plugins compatible for Editor in 0.25 ms, found 0 plugins.
Preloading 0 native plugins for Editor in 0.00 ms.
Unloading 1126 Unused Serialized files (Serialized files now loaded: 0)
System memory in use before: 64.5 MB.
System memory in use after: 64.6 MB.

Unloading 4 unused Assets to reduce memory usage. Loaded Objects now: 1605.
Total: 1.939700 ms (FindLiveObjects: 0.289100 ms CreateObjectMapping: 0.053400 ms MarkObjects: 1.577900 ms  DeleteObjects: 0.017000 ms)

========================================================================
Received Import Request.
  Time since last request: 3.340537 seconds.
  path: Assets/Scenes/Dificultades/Dificil.unity
  artifactKey: Guid(9e1a6f52644324f45bd567ec1d9798df) Importer(815301076,1909f56bfc062723c751e8b465ee728b)
Start importing Assets/Scenes/Dificultades/Dificil.unity using Guid(9e1a6f52644324f45bd567ec1d9798df) Importer(815301076,1909f56bfc062723c751e8b465ee728b)  -> (artifact id: 'ed769d4f6bc8053c870c2a650912c539') in 0.013518 seconds
  Import took 0.016183 seconds .

========================================================================
Received Import Request.
  Time since last request: 0.889777 seconds.
  path: Assets/Scenes/Dificultades/Imposible.unity
  artifactKey: Guid(9f84c8304af36e246a2d313dd6c0dbb1) Importer(815301076,1909f56bfc062723c751e8b465ee728b)
Start importing Assets/Scenes/Dificultades/Imposible.unity using Guid(9f84c8304af36e246a2d313dd6c0dbb1) Importer(815301076,1909f56bfc062723c751e8b465ee728b)  -> (artifact id: '7512d0ecdc5844988efe18203a9c10e0') in 0.023603 seconds
  Import took 0.029572 seconds .

========================================================================
Received Import Request.
  Time since last request: 0.823969 seconds.
  path: Assets/Scenes/Dificultades/Media.unity
  artifactKey: Guid(908b891bdf4c4d5498b6635488fe6177) Importer(815301076,1909f56bfc062723c751e8b465ee728b)
Start importing Assets/Scenes/Dificultades/Media.unity using Guid(908b891bdf4c4d5498b6635488fe6177) Importer(815301076,1909f56bfc062723c751e8b465ee728b)  -> (artifact id: 'ff2fc6e30dae1d499d3a3f43c7886aa7') in 0.008122 seconds
  Import took 0.011385 seconds .

========================================================================
Received Prepare
Registering precompiled user dll's ...
Registered in 0.001465 seconds.
Begin MonoManager ReloadAssembly
Native extension for WindowsStandalone target not found
Native extension for WebGL target not found
Refreshing native plugins compatible for Editor in 0.47 ms, found 0 plugins.
Preloading 0 native plugins for Editor in 0.00 ms.
Mono: successfully reloaded assembly
- Completed reload, in  8.577 seconds
Platform modules already initialized, skipping
Refreshing native plugins compatible for Editor in 0.30 ms, found 0 plugins.
Preloading 0 native plugins for Editor in 0.00 ms.
Unloading 1126 Unused Serialized files (Serialized files now loaded: 0)
System memory in use before: 64.6 MB.
System memory in use after: 64.7 MB.

Unloading 4 unused Assets to reduce memory usage. Loaded Objects now: 1608.
Total: 3.456300 ms (FindLiveObjects: 0.289700 ms CreateObjectMapping: 0.092000 ms MarkObjects: 3.042300 ms  DeleteObjects: 0.029600 ms)

========================================================================
Received Prepare
Registering precompiled user dll's ...
Registered in 0.001247 seconds.
Begin MonoManager ReloadAssembly
Native extension for WindowsStandalone target not found
Native extension for WebGL target not found
Refreshing native plugins compatible for Editor in 0.30 ms, found 0 plugins.
Preloading 0 native plugins for Editor in 0.00 ms.
Mono: successfully reloaded assembly
- Completed reload, in  1.273 seconds
Platform modules already initialized, skipping
Refreshing native plugins compatible for Editor in 0.27 ms, found 0 plugins.
Preloading 0 native plugins for Editor in 0.00 ms.
Unloading 1126 Unused Serialized files (Serialized files now loaded: 0)
System memory in use before: 64.6 MB.
System memory in use after: 64.7 MB.

Unloading 4 unused Assets to reduce memory usage. Loaded Objects now: 1611.
Total: 2.381400 ms (FindLiveObjects: 0.213600 ms CreateObjectMapping: 0.055800 ms MarkObjects: 2.086700 ms  DeleteObjects: 0.022700 ms)

========================================================================
Received Import Request.
  Time since last request: 372.305596 seconds.
  path: Assets/Scenes/Menus/Menu_Inicio
  artifactKey: Guid(7d1d19f993b780d4cacbc07a4c1ecacc) Importer(815301076,1909f56bfc062723c751e8b465ee728b)
Start importing Assets/Scenes/Menus/Menu_Inicio using Guid(7d1d19f993b780d4cacbc07a4c1ecacc) Importer(815301076,1909f56bfc062723c751e8b465ee728b)  -> (artifact id: 'e8a8243e3b7a97dfcc12901d4fb3f1c9') in 0.018112 seconds
  Import took 0.021102 seconds .

========================================================================
Received Import Request.
  Time since last request: 3.005529 seconds.
  path: Assets/Scenes/Menus/Menu_Inicio.unity
  artifactKey: Guid(af84c9ccad0879244a521496bcc73026) Importer(815301076,1909f56bfc062723c751e8b465ee728b)
Start importing Assets/Scenes/Menus/Menu_Inicio.unity using Guid(af84c9ccad0879244a521496bcc73026) Importer(815301076,1909f56bfc062723c751e8b465ee728b)  -> (artifact id: '55840ccb267ac12d76a1d5c47aa5cb33') in 0.016338 seconds
  Import took 0.019208 seconds .

========================================================================
Received Prepare
Registering precompiled user dll's ...
Registered in 0.000942 seconds.
Begin MonoManager ReloadAssembly
Native extension for WindowsStandalone target not found
Native extension for WebGL target not found
Refreshing native plugins compatible for Editor in 0.27 ms, found 0 plugins.
Preloading 0 native plugins for Editor in 0.00 ms.
Mono: successfully reloaded assembly
- Completed reload, in  1.361 seconds
Platform modules already initialized, skipping
Refreshing native plugins compatible for Editor in 0.24 ms, found 0 plugins.
Preloading 0 native plugins for Editor in 0.00 ms.
Unloading 1126 Unused Serialized files (Serialized files now loaded: 0)
System memory in use before: 64.6 MB.
System memory in use after: 64.7 MB.

Unloading 4 unused Assets to reduce memory usage. Loaded Objects now: 1614.
Total: 1.721700 ms (FindLiveObjects: 0.156200 ms CreateObjectMapping: 0.045400 ms MarkObjects: 1.502800 ms  DeleteObjects: 0.015600 ms)

========================================================================
Received Import Request.
  Time since last request: 97.652001 seconds.
  path: Assets/Scenes/Menus/Menu_Inicio.unity
  artifactKey: Guid(af84c9ccad0879244a521496bcc73026) Importer(815301076,1909f56bfc062723c751e8b465ee728b)
Start importing Assets/Scenes/Menus/Menu_Inicio.unity using Guid(af84c9ccad0879244a521496bcc73026) Importer(815301076,1909f56bfc062723c751e8b465ee728b)  -> (artifact id: '99f82fada0f49915d4862abd26e19902') in 0.033100 seconds
  Import took 0.037090 seconds .

========================================================================
Received Import Request.
  Time since last request: 0.567552 seconds.
  path: Assets/Scenes/Menus/Menu_Opciones.unity
  artifactKey: Guid(c5e550d9d024c2f4483df6c8e8ecf5cc) Importer(815301076,1909f56bfc062723c751e8b465ee728b)
Start importing Assets/Scenes/Menus/Menu_Opciones.unity using Guid(c5e550d9d024c2f4483df6c8e8ecf5cc) Importer(815301076,1909f56bfc062723c751e8b465ee728b)  -> (artifact id: '698f31fdb2d82336d15450ce9fdd6d8b') in 0.018433 seconds
  Import took 0.021861 seconds .

========================================================================
Received Import Request.
  Time since last request: 0.000743 seconds.
  path: Assets/Scenes/Menus/Menu_Opciones.unity
  artifactKey: Guid(c5e550d9d024c2f4483df6c8e8ecf5cc) Importer(815301076,1909f56bfc062723c751e8b465ee728b)
Start importing Assets/Scenes/Menus/Menu_Opciones.unity using Guid(c5e550d9d024c2f4483df6c8e8ecf5cc) Importer(815301076,1909f56bfc062723c751e8b465ee728b)  -> (artifact id: '698f31fdb2d82336d15450ce9fdd6d8b') in 0.014610 seconds
  Import took 0.019291 seconds .

========================================================================
Received Import Request.
  Time since last request: 20.093167 seconds.
  path: Assets/Scenes/Menus/Menu_Pausa.unity
  artifactKey: Guid(36b0052ed31219744baa1a48c8838634) Importer(815301076,1909f56bfc062723c751e8b465ee728b)
Start importing Assets/Scenes/Menus/Menu_Pausa.unity using Guid(36b0052ed31219744baa1a48c8838634) Importer(815301076,1909f56bfc062723c751e8b465ee728b)  -> (artifact id: '7f3d49a810f3134f97a6068db8c8a68f') in 0.021440 seconds
  Import took 0.028201 seconds .

========================================================================
Received Import Request.
  Time since last request: 0.001292 seconds.
  path: Assets/Scenes/Menus/Menu_Pausa.unity
  artifactKey: Guid(36b0052ed31219744baa1a48c8838634) Importer(815301076,1909f56bfc062723c751e8b465ee728b)
Start importing Assets/Scenes/Menus/Menu_Pausa.unity using Guid(36b0052ed31219744baa1a48c8838634) Importer(815301076,1909f56bfc062723c751e8b465ee728b)  -> (artifact id: '7f3d49a810f3134f97a6068db8c8a68f') in 0.021387 seconds
  Import took 0.027112 seconds .

========================================================================
Received Import Request.
  Time since last request: 10.506622 seconds.
  path: Assets/Scenes/Menus/Menu_Dificultad.unity
  artifactKey: Guid(e3dff8ddb61ee9241b9d0f0d6e9af6a0) Importer(815301076,1909f56bfc062723c751e8b465ee728b)
Start importing Assets/Scenes/Menus/Menu_Dificultad.unity using Guid(e3dff8ddb61ee9241b9d0f0d6e9af6a0) Importer(815301076,1909f56bfc062723c751e8b465ee728b)  -> (artifact id: 'e492437e44c441e23e182ae8a9e01519') in 0.018770 seconds
  Import took 0.022250 seconds .

========================================================================
Received Import Request.
  Time since last request: 102.304328 seconds.
  path: Assets/Scenes/Dificultades/Dificil.unity
  artifactKey: Guid(9e1a6f52644324f45bd567ec1d9798df) Importer(815301076,1909f56bfc062723c751e8b465ee728b)
Start importing Assets/Scenes/Dificultades/Dificil.unity using Guid(9e1a6f52644324f45bd567ec1d9798df) Importer(815301076,1909f56bfc062723c751e8b465ee728b)  -> (artifact id: 'b74c8453d017236e5999fa893d61726d') in 0.015524 seconds
  Import took 0.020053 seconds .

========================================================================
Received Import Request.
  Time since last request: 0.000865 seconds.
  path: Assets/Scenes/Dificultades/Dificil.unity
  artifactKey: Guid(9e1a6f52644324f45bd567ec1d9798df) Importer(815301076,1909f56bfc062723c751e8b465ee728b)
Start importing Assets/Scenes/Dificultades/Dificil.unity using Guid(9e1a6f52644324f45bd567ec1d9798df) Importer(815301076,1909f56bfc062723c751e8b465ee728b)  -> (artifact id: 'b74c8453d017236e5999fa893d61726d') in 0.016281 seconds
  Import took 0.020103 seconds .

========================================================================
Received Import Request.
  Time since last request: 22.908122 seconds.
  path: Assets/Scenes/Menus/Menu_Dificultad
  artifactKey: Guid(4ed4ae2d394762d4a8108251ebb448af) Importer(815301076,1909f56bfc062723c751e8b465ee728b)
Start importing Assets/Scenes/Menus/Menu_Dificultad using Guid(4ed4ae2d394762d4a8108251ebb448af) Importer(815301076,1909f56bfc062723c751e8b465ee728b)  -> (artifact id: '39a0589055e9ab02c8346ce57f29f9eb') in 0.017277 seconds
  Import took 0.020884 seconds .

========================================================================
Received Import Request.
  Time since last request: 8.566567 seconds.
  path: Assets/Scenes/Menus/Menu_Inicio.unity
  artifactKey: Guid(af84c9ccad0879244a521496bcc73026) Importer(815301076,1909f56bfc062723c751e8b465ee728b)
Start importing Assets/Scenes/Menus/Menu_Inicio.unity using Guid(af84c9ccad0879244a521496bcc73026) Importer(815301076,1909f56bfc062723c751e8b465ee728b)  -> (artifact id: '7a62b8d444b49f832a0f9f2130c3db61') in 0.016425 seconds
  Import took 0.020935 seconds .

========================================================================
Received Import Request.
  Time since last request: 0.001012 seconds.
  path: Assets/Scenes/Menus/Menu_Inicio.unity
  artifactKey: Guid(af84c9ccad0879244a521496bcc73026) Importer(815301076,1909f56bfc062723c751e8b465ee728b)
Start importing Assets/Scenes/Menus/Menu_Inicio.unity using Guid(af84c9ccad0879244a521496bcc73026) Importer(815301076,1909f56bfc062723c751e8b465ee728b)  -> (artifact id: '7a62b8d444b49f832a0f9f2130c3db61') in 0.012308 seconds
  Import took 0.016800 seconds .

========================================================================
Received Import Request.
  Time since last request: 32.203436 seconds.
  path: Assets/Scenes/Dificultades/Facil.unity
  artifactKey: Guid(f451efdac275621448fc9285c24ddbfc) Importer(815301076,1909f56bfc062723c751e8b465ee728b)
Start importing Assets/Scenes/Dificultades/Facil.unity using Guid(f451efdac275621448fc9285c24ddbfc) Importer(815301076,1909f56bfc062723c751e8b465ee728b)  -> (artifact id: 'e32efb692d003afeeff70a75198cb174') in 0.012975 seconds
  Import took 0.016005 seconds .

========================================================================
Received Import Request.
  Time since last request: 103.871408 seconds.
  path: Assets/MazeGenerator/Prefabs/WallPrefab.prefab
  artifactKey: Guid(9de82ec743bb24449a99f5cf1e325d61) Importer(815301076,1909f56bfc062723c751e8b465ee728b)
Start importing Assets/MazeGenerator/Prefabs/WallPrefab.prefab using Guid(9de82ec743bb24449a99f5cf1e325d61) Importer(815301076,1909f56bfc062723c751e8b465ee728b)  -> (artifact id: '2041e3328bb992b76d1792b523ada9f0') in 0.162534 seconds
  Import took 0.166627 seconds .

========================================================================
Received Prepare
Registering precompiled user dll's ...
Registered in 0.000963 seconds.
Begin MonoManager ReloadAssembly
Native extension for WindowsStandalone target not found
Native extension for WebGL target not found
Refreshing native plugins compatible for Editor in 0.31 ms, found 0 plugins.
Preloading 0 native plugins for Editor in 0.00 ms.
Mono: successfully reloaded assembly
- Completed reload, in  1.159 seconds
Platform modules already initialized, skipping
Refreshing native plugins compatible for Editor in 0.41 ms, found 0 plugins.
Preloading 0 native plugins for Editor in 0.00 ms.
Unloading 1126 Unused Serialized files (Serialized files now loaded: 0)
System memory in use before: 67.7 MB.
System memory in use after: 67.8 MB.

Unloading 4 unused Assets to reduce memory usage. Loaded Objects now: 1624.
Total: 2.033500 ms (FindLiveObjects: 0.188400 ms CreateObjectMapping: 0.055500 ms MarkObjects: 1.771000 ms  DeleteObjects: 0.017200 ms)

========================================================================
Received Prepare
Registering precompiled user dll's ...
Registered in 0.002511 seconds.
Begin MonoManager ReloadAssembly
Native extension for WindowsStandalone target not found
Native extension for WebGL target not found
Refreshing native plugins compatible for Editor in 0.65 ms, found 0 plugins.
Preloading 0 native plugins for Editor in 0.00 ms.
Mono: successfully reloaded assembly
- Completed reload, in  3.431 seconds
Platform modules already initialized, skipping
Refreshing native plugins compatible for Editor in 0.44 ms, found 0 plugins.
Preloading 0 native plugins for Editor in 0.00 ms.
Unloading 1126 Unused Serialized files (Serialized files now loaded: 0)
System memory in use before: 67.7 MB.
System memory in use after: 67.8 MB.

Unloading 4 unused Assets to reduce memory usage. Loaded Objects now: 1627.
Total: 13.231000 ms (FindLiveObjects: 0.638000 ms CreateObjectMapping: 0.171900 ms MarkObjects: 12.385000 ms  DeleteObjects: 0.031700 ms)

========================================================================
Received Prepare
Registering precompiled user dll's ...
Registered in 0.000970 seconds.
Begin MonoManager ReloadAssembly
Native extension for WindowsStandalone target not found
Native extension for WebGL target not found
Refreshing native plugins compatible for Editor in 0.29 ms, found 0 plugins.
Preloading 0 native plugins for Editor in 0.00 ms.
Mono: successfully reloaded assembly
- Completed reload, in  1.808 seconds
Platform modules already initialized, skipping
Refreshing native plugins compatible for Editor in 0.43 ms, found 0 plugins.
Preloading 0 native plugins for Editor in 0.00 ms.
Unloading 1126 Unused Serialized files (Serialized files now loaded: 0)
System memory in use before: 67.7 MB.
System memory in use after: 67.8 MB.

Unloading 4 unused Assets to reduce memory usage. Loaded Objects now: 1630.
Total: 3.299600 ms (FindLiveObjects: 0.343700 ms CreateObjectMapping: 0.194400 ms MarkObjects: 2.724500 ms  DeleteObjects: 0.034300 ms)

========================================================================
Received Prepare
Registering precompiled user dll's ...
Registered in 0.001586 seconds.
Begin MonoManager ReloadAssembly
Native extension for WindowsStandalone target not found
Native extension for WebGL target not found
Refreshing native plugins compatible for Editor in 0.29 ms, found 0 plugins.
Preloading 0 native plugins for Editor in 0.00 ms.
Mono: successfully reloaded assembly
- Completed reload, in  1.891 seconds
Platform modules already initialized, skipping
Refreshing native plugins compatible for Editor in 0.26 ms, found 0 plugins.
Preloading 0 native plugins for Editor in 0.00 ms.
Unloading 1127 Unused Serialized files (Serialized files now loaded: 0)
System memory in use before: 67.8 MB.
System memory in use after: 67.9 MB.

Unloading 4 unused Assets to reduce memory usage. Loaded Objects now: 1634.
Total: 2.119200 ms (FindLiveObjects: 0.271700 ms CreateObjectMapping: 0.080500 ms MarkObjects: 1.746100 ms  DeleteObjects: 0.018800 ms)

========================================================================
Received Import Request.
  Time since last request: 628.584980 seconds.
  path: Assets/Dynamic Flickering Light
  artifactKey: Guid(97f649397a0b352459db3d238d09baed) Importer(815301076,1909f56bfc062723c751e8b465ee728b)
Start importing Assets/Dynamic Flickering Light using Guid(97f649397a0b352459db3d238d09baed) Importer(815301076,1909f56bfc062723c751e8b465ee728b)  -> (artifact id: 'e96c6e7985cd2db38648d7c3b743bca2') in 0.019009 seconds
  Import took 0.022497 seconds .

========================================================================
Received Import Request.
  Time since last request: 0.019523 seconds.
  path: Assets/Dynamic Flickering Light
  artifactKey: Guid(97f649397a0b352459db3d238d09baed) Importer(815301076,1909f56bfc062723c751e8b465ee728b)
Start importing Assets/Dynamic Flickering Light using Guid(97f649397a0b352459db3d238d09baed) Importer(815301076,1909f56bfc062723c751e8b465ee728b)  -> (artifact id: 'e96c6e7985cd2db38648d7c3b743bca2') in 0.009088 seconds
  Import took 0.012595 seconds .

========================================================================
Received Import Request.
  Time since last request: 1.461679 seconds.
  path: Assets/Dynamic Flickering Light/FlickeringLight.cs
  artifactKey: Guid(1b536e216bbd27d458fd574b3bcccea4) Importer(815301076,1909f56bfc062723c751e8b465ee728b)
Start importing Assets/Dynamic Flickering Light/FlickeringLight.cs using Guid(1b536e216bbd27d458fd574b3bcccea4) Importer(815301076,1909f56bfc062723c751e8b465ee728b)  -> (artifact id: '96ba1609d1c9857e7f86da3517914690') in 0.015875 seconds
  Import took 0.020022 seconds .

========================================================================
Received Import Request.
  Time since last request: 0.001013 seconds.
  path: Assets/Dynamic Flickering Light/FlickeringLight.cs
  artifactKey: Guid(1b536e216bbd27d458fd574b3bcccea4) Importer(815301076,1909f56bfc062723c751e8b465ee728b)
Start importing Assets/Dynamic Flickering Light/FlickeringLight.cs using Guid(1b536e216bbd27d458fd574b3bcccea4) Importer(815301076,1909f56bfc062723c751e8b465ee728b)  -> (artifact id: '96ba1609d1c9857e7f86da3517914690') in 0.010532 seconds
  Import took 0.015538 seconds .

========================================================================
Received Import Request.
  Time since last request: 15.389428 seconds.
  path: Assets/Dynamic Flickering Light/readme.txt
  artifactKey: Guid(34f72bb0a891ffb439b40831ae620995) Importer(815301076,1909f56bfc062723c751e8b465ee728b)
Start importing Assets/Dynamic Flickering Light/readme.txt using Guid(34f72bb0a891ffb439b40831ae620995) Importer(815301076,1909f56bfc062723c751e8b465ee728b)  -> (artifact id: '882d57ee504ecb2db099ff602f47a163') in 0.095502 seconds
  Import took 0.098905 seconds .

========================================================================
Received Prepare
Registering precompiled user dll's ...
Registered in 0.000948 seconds.
Begin MonoManager ReloadAssembly
Native extension for WindowsStandalone target not found
Native extension for WebGL target not found
Refreshing native plugins compatible for Editor in 0.41 ms, found 0 plugins.
Preloading 0 native plugins for Editor in 0.00 ms.
Mono: successfully reloaded assembly
- Completed reload, in  1.278 seconds
Platform modules already initialized, skipping
Refreshing native plugins compatible for Editor in 0.24 ms, found 0 plugins.
Preloading 0 native plugins for Editor in 0.00 ms.
Unloading 1129 Unused Serialized files (Serialized files now loaded: 0)
System memory in use before: 67.8 MB.
System memory in use after: 67.9 MB.

Unloading 4 unused Assets to reduce memory usage. Loaded Objects now: 1639.
Total: 1.717000 ms (FindLiveObjects: 0.155100 ms CreateObjectMapping: 0.045800 ms MarkObjects: 1.500100 ms  DeleteObjects: 0.014500 ms)

========================================================================
Received Import Request.
  Time since last request: 92.968849 seconds.
  path: Assets/HandTorch
  artifactKey: Guid(a53312ad70e0d2349935f955326a7ea2) Importer(815301076,1909f56bfc062723c751e8b465ee728b)
Start importing Assets/HandTorch using Guid(a53312ad70e0d2349935f955326a7ea2) Importer(815301076,1909f56bfc062723c751e8b465ee728b)  -> (artifact id: '4c91329621b9de24bd44dffd586ffa4c') in 0.076611 seconds
  Import took 0.079762 seconds .

========================================================================
Received Import Request.
  Time since last request: 3.149248 seconds.
  path: Assets/HandTorch/OldHandTorch
  artifactKey: Guid(22ea16b69757e4f409214706eb627866) Importer(815301076,1909f56bfc062723c751e8b465ee728b)
Start importing Assets/HandTorch/OldHandTorch using Guid(22ea16b69757e4f409214706eb627866) Importer(815301076,1909f56bfc062723c751e8b465ee728b)  -> (artifact id: 'e220adab79f487523b9dee6c982be966') in 0.017868 seconds
  Import took 0.021455 seconds .

========================================================================
Received Import Request.
  Time since last request: 2.089258 seconds.
  path: Assets/HandTorch/OldHandTorch/Prefaps
  artifactKey: Guid(3c42a44b23632c6488ef8084add1e103) Importer(815301076,1909f56bfc062723c751e8b465ee728b)
Start importing Assets/HandTorch/OldHandTorch/Prefaps using Guid(3c42a44b23632c6488ef8084add1e103) Importer(815301076,1909f56bfc062723c751e8b465ee728b)  -> (artifact id: '820c7da1f44c013943b6a692e34b4d6b') in 0.015486 seconds
  Import took 0.019148 seconds .

========================================================================
Received Import Request.
  Time since last request: 1.140351 seconds.
  path: Assets/HandTorch/OldHandTorch/Prefaps/OldHandTorch.prefab
  artifactKey: Guid(4745d1d7800129342a1b23f92c31715a) Importer(815301076,1909f56bfc062723c751e8b465ee728b)
Start importing Assets/HandTorch/OldHandTorch/Prefaps/OldHandTorch.prefab using Guid(4745d1d7800129342a1b23f92c31715a) Importer(815301076,1909f56bfc062723c751e8b465ee728b)  -> (artifact id: '110dce39ac846bc8e850bb964906acff') in 0.640744 seconds
  Import took 0.646887 seconds .

========================================================================
Received Import Request.
  Time since last request: 14.835129 seconds.
  path: Assets/MazeGenerator/Prefabs/WallPrefab.prefab
  artifactKey: Guid(9de82ec743bb24449a99f5cf1e325d61) Importer(815301076,1909f56bfc062723c751e8b465ee728b)
Start importing Assets/MazeGenerator/Prefabs/WallPrefab.prefab using Guid(9de82ec743bb24449a99f5cf1e325d61) Importer(815301076,1909f56bfc062723c751e8b465ee728b)  -> (artifact id: '62a0678cdb90d34ae8480d6d9fe4133e') in 0.051272 seconds
  Import took 0.054893 seconds .

========================================================================
Received Import Request.
  Time since last request: 0.001729 seconds.
  path: Assets/MazeGenerator/Prefabs/WallPrefab.prefab
  artifactKey: Guid(9de82ec743bb24449a99f5cf1e325d61) Importer(815301076,1909f56bfc062723c751e8b465ee728b)
Start importing Assets/MazeGenerator/Prefabs/WallPrefab.prefab using Guid(9de82ec743bb24449a99f5cf1e325d61) Importer(815301076,1909f56bfc062723c751e8b465ee728b)  -> (artifact id: '62a0678cdb90d34ae8480d6d9fe4133e') in 0.048604 seconds
  Import took 0.052668 seconds .

========================================================================
Received Import Request.
  Time since last request: 57.105074 seconds.
  path: Assets/HandTorch/Scripts
  artifactKey: Guid(ee7a3abe6a9788f469a3f65ab4696293) Importer(815301076,1909f56bfc062723c751e8b465ee728b)
Start importing Assets/HandTorch/Scripts using Guid(ee7a3abe6a9788f469a3f65ab4696293) Importer(815301076,1909f56bfc062723c751e8b465ee728b)  -> (artifact id: 'f25324ae2800c73e78397629c127c264') in 0.016181 seconds
  Import took 0.020840 seconds .

========================================================================
Received Import Request.
  Time since last request: 1.432478 seconds.
  path: Assets/HandTorch/Scripts/RotateObject.cs
  artifactKey: Guid(31984df88f2acbb499acc610f35c65a1) Importer(815301076,1909f56bfc062723c751e8b465ee728b)
Start importing Assets/HandTorch/Scripts/RotateObject.cs using Guid(31984df88f2acbb499acc610f35c65a1) Importer(815301076,1909f56bfc062723c751e8b465ee728b)  -> (artifact id: '2b896aa3e06f652173404d16b90fd205') in 0.012710 seconds
  Import took 0.016725 seconds .

========================================================================
Received Import Request.
  Time since last request: 3.314843 seconds.
  path: Assets/HandTorch/Scripts/ToggleLight.cs
  artifactKey: Guid(5a15864f3ab2d224bb786a1a48ad586d) Importer(815301076,1909f56bfc062723c751e8b465ee728b)
Start importing Assets/HandTorch/Scripts/ToggleLight.cs using Guid(5a15864f3ab2d224bb786a1a48ad586d) Importer(815301076,1909f56bfc062723c751e8b465ee728b)  -> (artifact id: '23258c4f66cc57a55501fd6d6cff2b9f') in 0.021036 seconds
  Import took 0.024393 seconds .

========================================================================
Received Import Request.
  Time since last request: 0.003000 seconds.
  path: Assets/HandTorch/Scripts/ToggleLight.cs
  artifactKey: Guid(5a15864f3ab2d224bb786a1a48ad586d) Importer(815301076,1909f56bfc062723c751e8b465ee728b)
Start importing Assets/HandTorch/Scripts/ToggleLight.cs using Guid(5a15864f3ab2d224bb786a1a48ad586d) Importer(815301076,1909f56bfc062723c751e8b465ee728b)  -> (artifact id: '23258c4f66cc57a55501fd6d6cff2b9f') in 0.006907 seconds
  Import took 0.011158 seconds .

========================================================================
Received Import Request.
  Time since last request: 3.295432 seconds.
  path: Assets/HandTorch/Credits.txt
  artifactKey: Guid(452c8bacd0e90184d9aa3259bf4a4af8) Importer(815301076,1909f56bfc062723c751e8b465ee728b)
Start importing Assets/HandTorch/Credits.txt using Guid(452c8bacd0e90184d9aa3259bf4a4af8) Importer(815301076,1909f56bfc062723c751e8b465ee728b)  -> (artifact id: 'd4234f90e8ca18398d28dbb955fa32ce') in 0.017648 seconds
  Import took 0.022559 seconds .

========================================================================
Received Import Request.
  Time since last request: 0.001252 seconds.
  path: Assets/HandTorch/Credits.txt
  artifactKey: Guid(452c8bacd0e90184d9aa3259bf4a4af8) Importer(815301076,1909f56bfc062723c751e8b465ee728b)
Start importing Assets/HandTorch/Credits.txt using Guid(452c8bacd0e90184d9aa3259bf4a4af8) Importer(815301076,1909f56bfc062723c751e8b465ee728b)  -> (artifact id: 'd4234f90e8ca18398d28dbb955fa32ce') in 0.015559 seconds
  Import took 0.018724 seconds .

========================================================================
Received Prepare
Registering precompiled user dll's ...
Registered in 0.001036 seconds.
Begin MonoManager ReloadAssembly
Native extension for WindowsStandalone target not found
Native extension for WebGL target not found
Refreshing native plugins compatible for Editor in 0.26 ms, found 0 plugins.
Preloading 0 native plugins for Editor in 0.00 ms.
Mono: successfully reloaded assembly
- Completed reload, in  1.174 seconds
Platform modules already initialized, skipping
Refreshing native plugins compatible for Editor in 0.24 ms, found 0 plugins.
Preloading 0 native plugins for Editor in 0.00 ms.
Unloading 1129 Unused Serialized files (Serialized files now loaded: 0)
System memory in use before: 67.9 MB.
System memory in use after: 68.0 MB.

Unloading 4 unused Assets to reduce memory usage. Loaded Objects now: 1643.
Total: 1.821000 ms (FindLiveObjects: 0.179700 ms CreateObjectMapping: 0.051700 ms MarkObjects: 1.572700 ms  DeleteObjects: 0.015800 ms)

========================================================================
Received Import Request.
  Time since last request: 62.741469 seconds.
  path: Assets/HandTorch/OldHandTorch/Assets
  artifactKey: Guid(29ce3a23f0f18d4429b39579ac851a81) Importer(815301076,1909f56bfc062723c751e8b465ee728b)
Start importing Assets/HandTorch/OldHandTorch/Assets using Guid(29ce3a23f0f18d4429b39579ac851a81) Importer(815301076,1909f56bfc062723c751e8b465ee728b)  -> (artifact id: 'e5609fba296c7b0ab34c2edbba0f0bad') in 0.018355 seconds
  Import took 0.022185 seconds .

========================================================================
Received Import Request.
  Time since last request: 2.233608 seconds.
  path: Assets/HandTorch/OldHandTorch/Icon
  artifactKey: Guid(4abcebc93e165d44290c54de827dbbe0) Importer(815301076,1909f56bfc062723c751e8b465ee728b)
Start importing Assets/HandTorch/OldHandTorch/Icon using Guid(4abcebc93e165d44290c54de827dbbe0) Importer(815301076,1909f56bfc062723c751e8b465ee728b)  -> (artifact id: '2f94e023d6eb5dc569bc337a1b8c981e') in 0.015701 seconds
  Import took 0.019618 seconds .

========================================================================
Received Import Request.
  Time since last request: 1.629495 seconds.
  path: Assets/HandTorch/OldHandTorch/Material
  artifactKey: Guid(ff1da1633c6038e45b81e603ace9168e) Importer(815301076,1909f56bfc062723c751e8b465ee728b)
Start importing Assets/HandTorch/OldHandTorch/Material using Guid(ff1da1633c6038e45b81e603ace9168e) Importer(815301076,1909f56bfc062723c751e8b465ee728b)  -> (artifact id: 'df41c39ce4bb755a19368524a4e34a01') in 0.019673 seconds
  Import took 0.023200 seconds .

========================================================================
Received Import Request.
  Time since last request: 3.078877 seconds.
  path: Assets/HandTorch/OldHandTorch/Textures
  artifactKey: Guid(fe68191a2f854814ebf9dc2635ed82f3) Importer(815301076,1909f56bfc062723c751e8b465ee728b)
Start importing Assets/HandTorch/OldHandTorch/Textures using Guid(fe68191a2f854814ebf9dc2635ed82f3) Importer(815301076,1909f56bfc062723c751e8b465ee728b)  -> (artifact id: '3e8926c61636fa56b316204c7052f215') in 0.015159 seconds
  Import took 0.018535 seconds .

========================================================================
Received Prepare
Registering precompiled user dll's ...
Registered in 0.001250 seconds.
Begin MonoManager ReloadAssembly
Native extension for WindowsStandalone target not found
Native extension for WebGL target not found
Refreshing native plugins compatible for Editor in 0.33 ms, found 0 plugins.
Preloading 0 native plugins for Editor in 0.00 ms.
Mono: successfully reloaded assembly
- Completed reload, in  1.246 seconds
Platform modules already initialized, skipping
Refreshing native plugins compatible for Editor in 0.28 ms, found 0 plugins.
Preloading 0 native plugins for Editor in 0.00 ms.
Unloading 1128 Unused Serialized files (Serialized files now loaded: 0)
System memory in use before: 67.8 MB.
System memory in use after: 67.9 MB.

Unloading 5 unused Assets to reduce memory usage. Loaded Objects now: 1645.
Total: 1.921900 ms (FindLiveObjects: 0.245300 ms CreateObjectMapping: 0.056100 ms MarkObjects: 1.598900 ms  DeleteObjects: 0.019200 ms)

========================================================================
Received Prepare
Registering precompiled user dll's ...
Registered in 0.001292 seconds.
Begin MonoManager ReloadAssembly
Native extension for WindowsStandalone target not found
Native extension for WebGL target not found
Refreshing native plugins compatible for Editor in 0.25 ms, found 0 plugins.
Preloading 0 native plugins for Editor in 0.00 ms.
Mono: successfully reloaded assembly
- Completed reload, in  1.222 seconds
Platform modules already initialized, skipping
Refreshing native plugins compatible for Editor in 0.29 ms, found 0 plugins.
Preloading 0 native plugins for Editor in 0.00 ms.
Unloading 1129 Unused Serialized files (Serialized files now loaded: 0)
System memory in use before: 67.9 MB.
System memory in use after: 68.0 MB.

Unloading 4 unused Assets to reduce memory usage. Loaded Objects now: 1649.
Total: 1.903400 ms (FindLiveObjects: 0.345600 ms CreateObjectMapping: 0.047100 ms MarkObjects: 1.493500 ms  DeleteObjects: 0.016200 ms)

========================================================================
Received Import Request.
  Time since last request: 151.402637 seconds.
  path: Assets/MazeGenerator/Prefabs/PillarPrefab.prefab
  artifactKey: Guid(f3f97a2401feba4479a301d6181e9da6) Importer(815301076,1909f56bfc062723c751e8b465ee728b)
Start importing Assets/MazeGenerator/Prefabs/PillarPrefab.prefab using Guid(f3f97a2401feba4479a301d6181e9da6) Importer(815301076,1909f56bfc062723c751e8b465ee728b)  -> (artifact id: 'df7afadf0c128cc037bcfb6fc34ceb9d') in 0.146314 seconds
  Import took 0.151480 seconds .

========================================================================
Received Import Request.
  Time since last request: 1.070166 seconds.
  path: Assets/MazeGenerator/Prefabs/WallPrefab.prefab
  artifactKey: Guid(9de82ec743bb24449a99f5cf1e325d61) Importer(815301076,1909f56bfc062723c751e8b465ee728b)
Start importing Assets/MazeGenerator/Prefabs/WallPrefab.prefab using Guid(9de82ec743bb24449a99f5cf1e325d61) Importer(815301076,1909f56bfc062723c751e8b465ee728b)  -> (artifact id: 'b6d6eb9b95d4d606d66f98c80cf96845') in 0.203119 seconds
  Import took 0.209315 seconds .

========================================================================
Received Import Request.
  Time since last request: 15.589528 seconds.
  path: Assets/MazeGenerator/Prefabs/Antorcha.prefab
  artifactKey: Guid(ee1700f4bf863b8468eb5fc82331b83e) Importer(815301076,1909f56bfc062723c751e8b465ee728b)
Start importing Assets/MazeGenerator/Prefabs/Antorcha.prefab using Guid(ee1700f4bf863b8468eb5fc82331b83e) Importer(815301076,1909f56bfc062723c751e8b465ee728b)  -> (artifact id: 'b4051e28236170f43ab6123147ec81dd') in 0.019970 seconds
  Import took 0.023547 seconds .

========================================================================
Received Prepare
Registering precompiled user dll's ...
Registered in 0.000912 seconds.
Begin MonoManager ReloadAssembly
Native extension for WindowsStandalone target not found
Native extension for WebGL target not found
Refreshing native plugins compatible for Editor in 0.38 ms, found 0 plugins.
Preloading 0 native plugins for Editor in 0.00 ms.
Mono: successfully reloaded assembly
- Completed reload, in  1.379 seconds
Platform modules already initialized, skipping
Refreshing native plugins compatible for Editor in 0.25 ms, found 0 plugins.
Preloading 0 native plugins for Editor in 0.00 ms.
Unloading 1129 Unused Serialized files (Serialized files now loaded: 0)
System memory in use before: 67.9 MB.
System memory in use after: 68.0 MB.

Unloading 4 unused Assets to reduce memory usage. Loaded Objects now: 1653.
Total: 2.709200 ms (FindLiveObjects: 0.193400 ms CreateObjectMapping: 0.048800 ms MarkObjects: 2.444400 ms  DeleteObjects: 0.020000 ms)

========================================================================
Received Prepare
Registering precompiled user dll's ...
Registered in 0.000922 seconds.
Begin MonoManager ReloadAssembly
Native extension for WindowsStandalone target not found
Native extension for WebGL target not found
Refreshing native plugins compatible for Editor in 0.25 ms, found 0 plugins.
Preloading 0 native plugins for Editor in 0.00 ms.
Mono: successfully reloaded assembly
- Completed reload, in  1.158 seconds
Platform modules already initialized, skipping
Refreshing native plugins compatible for Editor in 0.24 ms, found 0 plugins.
Preloading 0 native plugins for Editor in 0.00 ms.
Unloading 1129 Unused Serialized files (Serialized files now loaded: 0)
System memory in use before: 67.9 MB.
System memory in use after: 68.0 MB.

Unloading 4 unused Assets to reduce memory usage. Loaded Objects now: 1656.
Total: 1.776600 ms (FindLiveObjects: 0.166600 ms CreateObjectMapping: 0.047600 ms MarkObjects: 1.545600 ms  DeleteObjects: 0.015400 ms)

========================================================================
Received Prepare
Registering precompiled user dll's ...
Registered in 0.001061 seconds.
Begin MonoManager ReloadAssembly
Native extension for WindowsStandalone target not found
Native extension for WebGL target not found
Refreshing native plugins compatible for Editor in 0.27 ms, found 0 plugins.
Preloading 0 native plugins for Editor in 0.00 ms.
Mono: successfully reloaded assembly
- Completed reload, in  1.208 seconds
Platform modules already initialized, skipping
Refreshing native plugins compatible for Editor in 0.25 ms, found 0 plugins.
Preloading 0 native plugins for Editor in 0.00 ms.
Unloading 1129 Unused Serialized files (Serialized files now loaded: 0)
System memory in use before: 67.9 MB.
System memory in use after: 68.0 MB.

Unloading 4 unused Assets to reduce memory usage. Loaded Objects now: 1659.
Total: 1.801000 ms (FindLiveObjects: 0.200100 ms CreateObjectMapping: 0.080700 ms MarkObjects: 1.502800 ms  DeleteObjects: 0.015900 ms)

========================================================================
Received Import Request.
  Time since last request: 50.610971 seconds.
  path: Assets/MazeGenerator/Prefabs/Antorcha.prefab
  artifactKey: Guid(ee1700f4bf863b8468eb5fc82331b83e) Importer(815301076,1909f56bfc062723c751e8b465ee728b)
Start importing Assets/MazeGenerator/Prefabs/Antorcha.prefab using Guid(ee1700f4bf863b8468eb5fc82331b83e) Importer(815301076,1909f56bfc062723c751e8b465ee728b)  -> (artifact id: 'd345635ecee8f8d92d54c588ad922ee1') in 0.077864 seconds
  Import took 0.081991 seconds .

========================================================================
Received Prepare
Registering precompiled user dll's ...
Registered in 0.001192 seconds.
Begin MonoManager ReloadAssembly
Native extension for WindowsStandalone target not found
Native extension for WebGL target not found
Refreshing native plugins compatible for Editor in 0.40 ms, found 0 plugins.
Preloading 0 native plugins for Editor in 0.00 ms.
Mono: successfully reloaded assembly
- Completed reload, in  1.170 seconds
Platform modules already initialized, skipping
Refreshing native plugins compatible for Editor in 0.41 ms, found 0 plugins.
Preloading 0 native plugins for Editor in 0.00 ms.
Unloading 1129 Unused Serialized files (Serialized files now loaded: 0)
System memory in use before: 67.9 MB.
System memory in use after: 68.0 MB.

Unloading 4 unused Assets to reduce memory usage. Loaded Objects now: 1662.
Total: 1.766700 ms (FindLiveObjects: 0.169000 ms CreateObjectMapping: 0.049000 ms MarkObjects: 1.531000 ms  DeleteObjects: 0.015700 ms)

========================================================================
Received Prepare
Registering precompiled user dll's ...
Registered in 0.001326 seconds.
Begin MonoManager ReloadAssembly
Native extension for WindowsStandalone target not found
Native extension for WebGL target not found
Refreshing native plugins compatible for Editor in 0.31 ms, found 0 plugins.
Preloading 0 native plugins for Editor in 0.00 ms.
Mono: successfully reloaded assembly
- Completed reload, in  2.135 seconds
Platform modules already initialized, skipping
Refreshing native plugins compatible for Editor in 0.42 ms, found 0 plugins.
Preloading 0 native plugins for Editor in 0.00 ms.
Unloading 1129 Unused Serialized files (Serialized files now loaded: 0)
System memory in use before: 67.9 MB.
System memory in use after: 68.0 MB.

Unloading 4 unused Assets to reduce memory usage. Loaded Objects now: 1665.
Total: 3.342700 ms (FindLiveObjects: 0.257400 ms CreateObjectMapping: 0.078200 ms MarkObjects: 2.984100 ms  DeleteObjects: 0.021000 ms)

========================================================================
Received Import Request.
  Time since last request: 202.868866 seconds.
  path: Assets/MazeGenerator/Prefabs/GameObject.prefab
  artifactKey: Guid(c24afa985c7cc7b45b15eaf7383d105e) Importer(815301076,1909f56bfc062723c751e8b465ee728b)
Start importing Assets/MazeGenerator/Prefabs/GameObject.prefab using Guid(c24afa985c7cc7b45b15eaf7383d105e) Importer(815301076,1909f56bfc062723c751e8b465ee728b)  -> (artifact id: '496f7a2e6dbc09fc2f45e90bf70935f4') in 0.051521 seconds
  Import took 0.057354 seconds .

========================================================================
Received Import Request.
  Time since last request: 6.489814 seconds.
  path: Assets/MazeGenerator/Prefabs/WallPrefab.prefab
  artifactKey: Guid(9de82ec743bb24449a99f5cf1e325d61) Importer(815301076,1909f56bfc062723c751e8b465ee728b)
Start importing Assets/MazeGenerator/Prefabs/WallPrefab.prefab using Guid(9de82ec743bb24449a99f5cf1e325d61) Importer(815301076,1909f56bfc062723c751e8b465ee728b)  -> (artifact id: '88e551bffac7b43d2553369028962aec') in 0.082840 seconds
  Import took 0.086750 seconds .

========================================================================
Received Prepare
Registering precompiled user dll's ...
Registered in 0.000914 seconds.
Begin MonoManager ReloadAssembly
Native extension for WindowsStandalone target not found
Native extension for WebGL target not found
Refreshing native plugins compatible for Editor in 0.25 ms, found 0 plugins.
Preloading 0 native plugins for Editor in 0.00 ms.
Mono: successfully reloaded assembly
- Completed reload, in  1.155 seconds
Platform modules already initialized, skipping
Refreshing native plugins compatible for Editor in 0.25 ms, found 0 plugins.
Preloading 0 native plugins for Editor in 0.00 ms.
Unloading 1129 Unused Serialized files (Serialized files now loaded: 0)
System memory in use before: 67.9 MB.
System memory in use after: 68.0 MB.

Unloading 4 unused Assets to reduce memory usage. Loaded Objects now: 1669.
Total: 1.842500 ms (FindLiveObjects: 0.167200 ms CreateObjectMapping: 0.042400 ms MarkObjects: 1.609500 ms  DeleteObjects: 0.022200 ms)

========================================================================
Received Import Request.
  Time since last request: 79.670092 seconds.
  path: Assets/HandTorch/OldHandTorch/Prefaps/OldHandTorch.prefab
  artifactKey: Guid(4745d1d7800129342a1b23f92c31715a) Importer(815301076,1909f56bfc062723c751e8b465ee728b)
Start importing Assets/HandTorch/OldHandTorch/Prefaps/OldHandTorch.prefab using Guid(4745d1d7800129342a1b23f92c31715a) Importer(815301076,1909f56bfc062723c751e8b465ee728b)  -> (artifact id: 'e80a9ba632ece7cf6238643db6b89c05') in 0.042351 seconds
  Import took 0.046385 seconds .

========================================================================
Received Prepare
Registering precompiled user dll's ...
Registered in 0.001021 seconds.
Begin MonoManager ReloadAssembly
Native extension for WindowsStandalone target not found
Native extension for WebGL target not found
Refreshing native plugins compatible for Editor in 0.34 ms, found 0 plugins.
Preloading 0 native plugins for Editor in 0.00 ms.
Mono: successfully reloaded assembly
- Completed reload, in  1.182 seconds
Platform modules already initialized, skipping
Refreshing native plugins compatible for Editor in 0.24 ms, found 0 plugins.
Preloading 0 native plugins for Editor in 0.00 ms.
Unloading 1127 Unused Serialized files (Serialized files now loaded: 0)
System memory in use before: 67.9 MB.
System memory in use after: 68.0 MB.

Unloading 6 unused Assets to reduce memory usage. Loaded Objects now: 1670.
Total: 2.316800 ms (FindLiveObjects: 0.311200 ms CreateObjectMapping: 0.077700 ms MarkObjects: 1.904900 ms  DeleteObjects: 0.021500 ms)

========================================================================
Received Prepare
Registering precompiled user dll's ...
Registered in 0.001314 seconds.
Begin MonoManager ReloadAssembly
Native extension for WindowsStandalone target not found
Native extension for WebGL target not found
Refreshing native plugins compatible for Editor in 0.36 ms, found 0 plugins.
Preloading 0 native plugins for Editor in 0.00 ms.
Mono: successfully reloaded assembly
- Completed reload, in  1.090 seconds
Platform modules already initialized, skipping
Refreshing native plugins compatible for Editor in 0.28 ms, found 0 plugins.
Preloading 0 native plugins for Editor in 0.00 ms.
Unloading 1126 Unused Serialized files (Serialized files now loaded: 0)
System memory in use before: 67.9 MB.
System memory in use after: 68.0 MB.

Unloading 5 unused Assets to reduce memory usage. Loaded Objects now: 1672.
Total: 1.904500 ms (FindLiveObjects: 0.180600 ms CreateObjectMapping: 0.049500 ms MarkObjects: 1.655900 ms  DeleteObjects: 0.016700 ms)

========================================================================
Received Import Request.
  Time since last request: 30.252687 seconds.
  path: Assets/MazeGenerator/Prefabs/Antorcha.prefab
  artifactKey: Guid(ee1700f4bf863b8468eb5fc82331b83e) Importer(815301076,1909f56bfc062723c751e8b465ee728b)
Start importing Assets/MazeGenerator/Prefabs/Antorcha.prefab using Guid(ee1700f4bf863b8468eb5fc82331b83e) Importer(815301076,1909f56bfc062723c751e8b465ee728b)  -> (artifact id: '0ca87ab66782f8669eea25846236f33f') in 0.028848 seconds
  Import took 0.031700 seconds .

========================================================================
Received Prepare
Registering precompiled user dll's ...
Registered in 0.001853 seconds.
Begin MonoManager ReloadAssembly
Native extension for WindowsStandalone target not found
Native extension for WebGL target not found
Refreshing native plugins compatible for Editor in 0.26 ms, found 0 plugins.
Preloading 0 native plugins for Editor in 0.00 ms.
Mono: successfully reloaded assembly
- Completed reload, in  1.203 seconds
Platform modules already initialized, skipping
Refreshing native plugins compatible for Editor in 0.56 ms, found 0 plugins.
Preloading 0 native plugins for Editor in 0.00 ms.
Unloading 1128 Unused Serialized files (Serialized files now loaded: 0)
System memory in use before: 67.9 MB.
System memory in use after: 68.0 MB.

Unloading 4 unused Assets to reduce memory usage. Loaded Objects now: 1677.
Total: 2.449200 ms (FindLiveObjects: 0.258400 ms CreateObjectMapping: 0.077800 ms MarkObjects: 2.094500 ms  DeleteObjects: 0.016800 ms)

========================================================================
Received Import Request.
  Time since last request: 50.658575 seconds.
  path: Assets/HandTorch/Scenes
  artifactKey: Guid(9412878267877664186e619ef827b136) Importer(815301076,1909f56bfc062723c751e8b465ee728b)
Start importing Assets/HandTorch/Scenes using Guid(9412878267877664186e619ef827b136) Importer(815301076,1909f56bfc062723c751e8b465ee728b)  -> (artifact id: '4f80b3467691b23359a466a3e174f94d') in 0.021965 seconds
  Import took 0.024626 seconds .

========================================================================
Received Prepare
Registering precompiled user dll's ...
Registered in 0.001193 seconds.
Begin MonoManager ReloadAssembly
Native extension for WindowsStandalone target not found
Native extension for WebGL target not found
Refreshing native plugins compatible for Editor in 0.24 ms, found 0 plugins.
Preloading 0 native plugins for Editor in 0.00 ms.
Mono: successfully reloaded assembly
- Completed reload, in  0.964 seconds
Platform modules already initialized, skipping
Refreshing native plugins compatible for Editor in 0.25 ms, found 0 plugins.
Preloading 0 native plugins for Editor in 0.00 ms.
Unloading 1128 Unused Serialized files (Serialized files now loaded: 0)
System memory in use before: 67.9 MB.
System memory in use after: 68.0 MB.

Unloading 4 unused Assets to reduce memory usage. Loaded Objects now: 1680.
Total: 3.334200 ms (FindLiveObjects: 0.500900 ms CreateObjectMapping: 0.166300 ms MarkObjects: 2.627800 ms  DeleteObjects: 0.036200 ms)

========================================================================
Received Import Request.
  Time since last request: 65.575546 seconds.
  path: Assets/HandTorch/Scenes/SceneProps
  artifactKey: Guid(1402cf95990dfc44ea0ff5cdc156d29b) Importer(815301076,1909f56bfc062723c751e8b465ee728b)
Start importing Assets/HandTorch/Scenes/SceneProps using Guid(1402cf95990dfc44ea0ff5cdc156d29b) Importer(815301076,1909f56bfc062723c751e8b465ee728b)  -> (artifact id: '062a8317c73494db195887b9094efb2e') in 0.014781 seconds
  Import took 0.017738 seconds .

========================================================================
Received Import Request.
  Time since last request: 0.031754 seconds.
  path: Assets/HandTorch/Scenes/SceneProps
  artifactKey: Guid(1402cf95990dfc44ea0ff5cdc156d29b) Importer(815301076,1909f56bfc062723c751e8b465ee728b)
Start importing Assets/HandTorch/Scenes/SceneProps using Guid(1402cf95990dfc44ea0ff5cdc156d29b) Importer(815301076,1909f56bfc062723c751e8b465ee728b)  -> (artifact id: '062a8317c73494db195887b9094efb2e') in 0.013558 seconds
  Import took 0.016672 seconds .

========================================================================
Received Import Request.
  Time since last request: 3.188101 seconds.
  path: Assets/HandTorch/Scenes/SceneProps/Barrel
  artifactKey: Guid(768e644b36a2fb24e967227afdc24133) Importer(815301076,1909f56bfc062723c751e8b465ee728b)
Start importing Assets/HandTorch/Scenes/SceneProps/Barrel using Guid(768e644b36a2fb24e967227afdc24133) Importer(815301076,1909f56bfc062723c751e8b465ee728b)  -> (artifact id: 'c6d5730e047d58c5e2c03c1cc966e017') in 0.018005 seconds
  Import took 0.021087 seconds .

========================================================================
Received Prepare
Registering precompiled user dll's ...
Registered in 0.000905 seconds.
Begin MonoManager ReloadAssembly
Native extension for WindowsStandalone target not found
Native extension for WebGL target not found
Refreshing native plugins compatible for Editor in 0.44 ms, found 0 plugins.
Preloading 0 native plugins for Editor in 0.00 ms.
Mono: successfully reloaded assembly
- Completed reload, in  1.188 seconds
Platform modules already initialized, skipping
Refreshing native plugins compatible for Editor in 0.24 ms, found 0 plugins.
Preloading 0 native plugins for Editor in 0.00 ms.
Unloading 1128 Unused Serialized files (Serialized files now loaded: 0)
System memory in use before: 67.9 MB.
System memory in use after: 68.0 MB.

Unloading 4 unused Assets to reduce memory usage. Loaded Objects now: 1683.
Total: 1.901300 ms (FindLiveObjects: 0.208000 ms CreateObjectMapping: 0.052000 ms MarkObjects: 1.623600 ms  DeleteObjects: 0.016000 ms)

========================================================================
Received Import Request.
  Time since last request: 27.191371 seconds.
  path: Assets/MazeGenerator/Prefabs/OldHandTorch.prefab
  artifactKey: Guid(fab6670d7598d1b4f8e06cf742af379b) Importer(815301076,1909f56bfc062723c751e8b465ee728b)
Start importing Assets/MazeGenerator/Prefabs/OldHandTorch.prefab using Guid(fab6670d7598d1b4f8e06cf742af379b) Importer(815301076,1909f56bfc062723c751e8b465ee728b)  -> (artifact id: '312ed996d3dbba2a57170a3e8e17947b') in 0.082308 seconds
  Import took 0.086000 seconds .

========================================================================
Received Import Request.
  Time since last request: 481.795441 seconds.
  path: Assets/Scenes/Menus/Menu_Dificultad.unity
  artifactKey: Guid(e3dff8ddb61ee9241b9d0f0d6e9af6a0) Importer(815301076,1909f56bfc062723c751e8b465ee728b)
Start importing Assets/Scenes/Menus/Menu_Dificultad.unity using Guid(e3dff8ddb61ee9241b9d0f0d6e9af6a0) Importer(815301076,1909f56bfc062723c751e8b465ee728b)  -> (artifact id: '52eeb0a9ddb73331bb449f22b42a95cc') in 0.019519 seconds
  Import took 0.023474 seconds .

========================================================================
Received Prepare
Registering precompiled user dll's ...
Registered in 0.000946 seconds.
Begin MonoManager ReloadAssembly
Native extension for WindowsStandalone target not found
Native extension for WebGL target not found
Refreshing native plugins compatible for Editor in 0.32 ms, found 0 plugins.
Preloading 0 native plugins for Editor in 0.00 ms.
Mono: successfully reloaded assembly
- Completed reload, in  1.150 seconds
Platform modules already initialized, skipping
Refreshing native plugins compatible for Editor in 0.27 ms, found 0 plugins.
Preloading 0 native plugins for Editor in 0.00 ms.
Unloading 1128 Unused Serialized files (Serialized files now loaded: 0)
System memory in use before: 67.9 MB.
System memory in use after: 68.0 MB.

Unloading 4 unused Assets to reduce memory usage. Loaded Objects now: 1687.
Total: 1.875700 ms (FindLiveObjects: 0.173100 ms CreateObjectMapping: 0.048400 ms MarkObjects: 1.634700 ms  DeleteObjects: 0.017800 ms)

========================================================================
Received Import Request.
  Time since last request: 54.004457 seconds.
  path: Assets/MazeGenerator/Prefabs/WallPrefab.prefab
  artifactKey: Guid(9de82ec743bb24449a99f5cf1e325d61) Importer(815301076,1909f56bfc062723c751e8b465ee728b)
Start importing Assets/MazeGenerator/Prefabs/WallPrefab.prefab using Guid(9de82ec743bb24449a99f5cf1e325d61) Importer(815301076,1909f56bfc062723c751e8b465ee728b)  -> (artifact id: 'e64d63723221eb0521152382c1c23d05') in 0.137115 seconds
  Import took 0.142062 seconds .

========================================================================
Received Prepare
Registering precompiled user dll's ...
Registered in 0.000897 seconds.
Begin MonoManager ReloadAssembly
Native extension for WindowsStandalone target not found
Native extension for WebGL target not found
Refreshing native plugins compatible for Editor in 0.27 ms, found 0 plugins.
Preloading 0 native plugins for Editor in 0.00 ms.
Mono: successfully reloaded assembly
- Completed reload, in  1.199 seconds
Platform modules already initialized, skipping
Refreshing native plugins compatible for Editor in 0.39 ms, found 0 plugins.
Preloading 0 native plugins for Editor in 0.00 ms.
Unloading 1128 Unused Serialized files (Serialized files now loaded: 0)
System memory in use before: 68.0 MB.
System memory in use after: 68.1 MB.

Unloading 4 unused Assets to reduce memory usage. Loaded Objects now: 1691.
Total: 2.601400 ms (FindLiveObjects: 0.264500 ms CreateObjectMapping: 0.078900 ms MarkObjects: 2.236400 ms  DeleteObjects: 0.020300 ms)

========================================================================
Received Prepare
Registering precompiled user dll's ...
Registered in 0.001040 seconds.
Begin MonoManager ReloadAssembly
Native extension for WindowsStandalone target not found
Native extension for WebGL target not found
Refreshing native plugins compatible for Editor in 0.29 ms, found 0 plugins.
Preloading 0 native plugins for Editor in 0.00 ms.
Mono: successfully reloaded assembly
- Completed reload, in  1.317 seconds
Platform modules already initialized, skipping
Refreshing native plugins compatible for Editor in 0.25 ms, found 0 plugins.
Preloading 0 native plugins for Editor in 0.00 ms.
Unloading 1128 Unused Serialized files (Serialized files now loaded: 0)
System memory in use before: 68.0 MB.
System memory in use after: 68.1 MB.

Unloading 4 unused Assets to reduce memory usage. Loaded Objects now: 1694.
Total: 1.868300 ms (FindLiveObjects: 0.298100 ms CreateObjectMapping: 0.049900 ms MarkObjects: 1.503600 ms  DeleteObjects: 0.015100 ms)

========================================================================
Received Prepare
Registering precompiled user dll's ...
Registered in 0.001469 seconds.
Begin MonoManager ReloadAssembly
Native extension for WindowsStandalone target not found
Native extension for WebGL target not found
Refreshing native plugins compatible for Editor in 0.35 ms, found 0 plugins.
Preloading 0 native plugins for Editor in 0.00 ms.
Mono: successfully reloaded assembly
- Completed reload, in  1.436 seconds
Platform modules already initialized, skipping
Refreshing native plugins compatible for Editor in 0.24 ms, found 0 plugins.
Preloading 0 native plugins for Editor in 0.00 ms.
Unloading 1128 Unused Serialized files (Serialized files now loaded: 0)
System memory in use before: 68.0 MB.
System memory in use after: 68.1 MB.

Unloading 4 unused Assets to reduce memory usage. Loaded Objects now: 1697.
Total: 1.793500 ms (FindLiveObjects: 0.190800 ms CreateObjectMapping: 0.051400 ms MarkObjects: 1.534000 ms  DeleteObjects: 0.015400 ms)

========================================================================
Received Import Request.
  Time since last request: 248.105920 seconds.
  path: Assets/MazeGenerator/Prefabs/WallPrefab.prefab
  artifactKey: Guid(9de82ec743bb24449a99f5cf1e325d61) Importer(815301076,1909f56bfc062723c751e8b465ee728b)
Start importing Assets/MazeGenerator/Prefabs/WallPrefab.prefab using Guid(9de82ec743bb24449a99f5cf1e325d61) Importer(815301076,1909f56bfc062723c751e8b465ee728b)  -> (artifact id: '94e55dec35b88b65f7f0300ef01aacb7') in 0.141927 seconds
  Import took 0.149094 seconds .

========================================================================
Received Prepare
Registering precompiled user dll's ...
Registered in 0.000898 seconds.
Begin MonoManager ReloadAssembly
Native extension for WindowsStandalone target not found
Native extension for WebGL target not found
Refreshing native plugins compatible for Editor in 0.27 ms, found 0 plugins.
Preloading 0 native plugins for Editor in 0.00 ms.
Mono: successfully reloaded assembly
- Completed reload, in  1.364 seconds
Platform modules already initialized, skipping
Refreshing native plugins compatible for Editor in 0.41 ms, found 0 plugins.
Preloading 0 native plugins for Editor in 0.00 ms.
Unloading 1128 Unused Serialized files (Serialized files now loaded: 0)
System memory in use before: 68.0 MB.
System memory in use after: 68.1 MB.

Unloading 4 unused Assets to reduce memory usage. Loaded Objects now: 1701.
Total: 2.022200 ms (FindLiveObjects: 0.249300 ms CreateObjectMapping: 0.074000 ms MarkObjects: 1.680600 ms  DeleteObjects: 0.016800 ms)

========================================================================
Received Prepare
Registering precompiled user dll's ...
Registered in 0.001576 seconds.
Begin MonoManager ReloadAssembly
Native extension for WindowsStandalone target not found
Native extension for WebGL target not found
Refreshing native plugins compatible for Editor in 0.26 ms, found 0 plugins.
Preloading 0 native plugins for Editor in 0.00 ms.
Mono: successfully reloaded assembly
- Completed reload, in  1.320 seconds
Platform modules already initialized, skipping
Refreshing native plugins compatible for Editor in 0.25 ms, found 0 plugins.
Preloading 0 native plugins for Editor in 0.00 ms.
Unloading 1128 Unused Serialized files (Serialized files now loaded: 0)
System memory in use before: 68.0 MB.
System memory in use after: 68.1 MB.

Unloading 4 unused Assets to reduce memory usage. Loaded Objects now: 1704.
Total: 2.987300 ms (FindLiveObjects: 0.216100 ms CreateObjectMapping: 0.094100 ms MarkObjects: 2.657100 ms  DeleteObjects: 0.018200 ms)

========================================================================
Received Prepare
Registering precompiled user dll's ...
Registered in 0.001536 seconds.
Begin MonoManager ReloadAssembly
Native extension for WindowsStandalone target not found
Native extension for WebGL target not found
Refreshing native plugins compatible for Editor in 0.30 ms, found 0 plugins.
Preloading 0 native plugins for Editor in 0.00 ms.
Mono: successfully reloaded assembly
- Completed reload, in  1.688 seconds
Platform modules already initialized, skipping
Refreshing native plugins compatible for Editor in 0.26 ms, found 0 plugins.
Preloading 0 native plugins for Editor in 0.00 ms.
Unloading 1128 Unused Serialized files (Serialized files now loaded: 0)
System memory in use before: 68.0 MB.
System memory in use after: 68.1 MB.

Unloading 4 unused Assets to reduce memory usage. Loaded Objects now: 1707.
Total: 1.889300 ms (FindLiveObjects: 0.182000 ms CreateObjectMapping: 0.066800 ms MarkObjects: 1.622200 ms  DeleteObjects: 0.016400 ms)

========================================================================
Received Import Request.
  Time since last request: 350.869484 seconds.
  path: Assets/MazeGenerator/Prefabs/WallPrefab.prefab
  artifactKey: Guid(9de82ec743bb24449a99f5cf1e325d61) Importer(815301076,1909f56bfc062723c751e8b465ee728b)
Start importing Assets/MazeGenerator/Prefabs/WallPrefab.prefab using Guid(9de82ec743bb24449a99f5cf1e325d61) Importer(815301076,1909f56bfc062723c751e8b465ee728b)  -> (artifact id: '31212ce4fcdc7ab00c1006b7d1d062d7') in 0.145426 seconds
  Import took 0.151187 seconds .

========================================================================
Received Import Request.
  Time since last request: 19.891910 seconds.
  path: Assets/MazeGenerator/Prefabs/Antorcha.cs
  artifactKey: Guid(142ff7652cba25c48b256848362f365c) Importer(815301076,1909f56bfc062723c751e8b465ee728b)
Start importing Assets/MazeGenerator/Prefabs/Antorcha.cs using Guid(142ff7652cba25c48b256848362f365c) Importer(815301076,1909f56bfc062723c751e8b465ee728b)  -> (artifact id: '7be7252395b41cf1e25780f6f3932705') in 0.012219 seconds
  Import took 0.016514 seconds .

========================================================================
Received Prepare
Registering precompiled user dll's ...
Registered in 0.000983 seconds.
Begin MonoManager ReloadAssembly
Native extension for WindowsStandalone target not found
Native extension for WebGL target not found
Refreshing native plugins compatible for Editor in 0.27 ms, found 0 plugins.
Preloading 0 native plugins for Editor in 0.00 ms.
Mono: successfully reloaded assembly
- Completed reload, in  1.457 seconds
Platform modules already initialized, skipping
Refreshing native plugins compatible for Editor in 0.25 ms, found 0 plugins.
Preloading 0 native plugins for Editor in 0.00 ms.
Unloading 1129 Unused Serialized files (Serialized files now loaded: 0)
System memory in use before: 68.0 MB.
System memory in use after: 68.1 MB.

Unloading 4 unused Assets to reduce memory usage. Loaded Objects now: 1712.
Total: 1.898100 ms (FindLiveObjects: 0.226200 ms CreateObjectMapping: 0.054800 ms MarkObjects: 1.599700 ms  DeleteObjects: 0.016000 ms)

========================================================================
Received Prepare
Registering precompiled user dll's ...
Registered in 0.000973 seconds.
Begin MonoManager ReloadAssembly
Native extension for WindowsStandalone target not found
Native extension for WebGL target not found
Refreshing native plugins compatible for Editor in 0.27 ms, found 0 plugins.
Preloading 0 native plugins for Editor in 0.00 ms.
Mono: successfully reloaded assembly
- Completed reload, in  1.260 seconds
Platform modules already initialized, skipping
Refreshing native plugins compatible for Editor in 0.24 ms, found 0 plugins.
Preloading 0 native plugins for Editor in 0.00 ms.
Unloading 1129 Unused Serialized files (Serialized files now loaded: 0)
System memory in use before: 68.0 MB.
System memory in use after: 68.1 MB.

Unloading 4 unused Assets to reduce memory usage. Loaded Objects now: 1715.
Total: 2.665900 ms (FindLiveObjects: 0.226400 ms CreateObjectMapping: 0.074200 ms MarkObjects: 2.344000 ms  DeleteObjects: 0.019300 ms)

========================================================================
Received Import Request.
  Time since last request: 22.050614 seconds.
  path: Assets/MazeGenerator/Prefabs/Antorcha.cs
  artifactKey: Guid(142ff7652cba25c48b256848362f365c) Importer(815301076,1909f56bfc062723c751e8b465ee728b)
Start importing Assets/MazeGenerator/Prefabs/Antorcha.cs using Guid(142ff7652cba25c48b256848362f365c) Importer(815301076,1909f56bfc062723c751e8b465ee728b)  -> (artifact id: '9244a3af67fcb9f556baf415d0fd87f8') in 0.011090 seconds
  Import took 0.014467 seconds .

========================================================================
Received Prepare
Registering precompiled user dll's ...
Registered in 0.001347 seconds.
Begin MonoManager ReloadAssembly
Native extension for WindowsStandalone target not found
Native extension for WebGL target not found
Refreshing native plugins compatible for Editor in 0.45 ms, found 0 plugins.
Preloading 0 native plugins for Editor in 0.00 ms.
Mono: successfully reloaded assembly
- Completed reload, in  1.184 seconds
Platform modules already initialized, skipping
Refreshing native plugins compatible for Editor in 0.24 ms, found 0 plugins.
Preloading 0 native plugins for Editor in 0.00 ms.
Unloading 1129 Unused Serialized files (Serialized files now loaded: 0)
System memory in use before: 68.0 MB.
System memory in use after: 68.1 MB.

Unloading 4 unused Assets to reduce memory usage. Loaded Objects now: 1718.
Total: 2.464400 ms (FindLiveObjects: 0.273800 ms CreateObjectMapping: 0.109100 ms MarkObjects: 2.062100 ms  DeleteObjects: 0.017400 ms)

========================================================================
Received Prepare
Registering precompiled user dll's ...
Registered in 0.002884 seconds.
Begin MonoManager ReloadAssembly
Native extension for WindowsStandalone target not found
Native extension for WebGL target not found
Refreshing native plugins compatible for Editor in 0.30 ms, found 0 plugins.
Preloading 0 native plugins for Editor in 0.00 ms.
Mono: successfully reloaded assembly
- Completed reload, in  2.044 seconds
Platform modules already initialized, skipping
Refreshing native plugins compatible for Editor in 0.27 ms, found 0 plugins.
Preloading 0 native plugins for Editor in 0.00 ms.
Unloading 1129 Unused Serialized files (Serialized files now loaded: 0)
System memory in use before: 68.0 MB.
System memory in use after: 68.1 MB.

Unloading 4 unused Assets to reduce memory usage. Loaded Objects now: 1721.
Total: 3.396900 ms (FindLiveObjects: 0.229800 ms CreateObjectMapping: 0.053000 ms MarkObjects: 3.091000 ms  DeleteObjects: 0.020400 ms)

========================================================================
Received Prepare
Registering precompiled user dll's ...
Registered in 0.000943 seconds.
Begin MonoManager ReloadAssembly
Native extension for WindowsStandalone target not found
Native extension for WebGL target not found
Refreshing native plugins compatible for Editor in 0.41 ms, found 0 plugins.
Preloading 0 native plugins for Editor in 0.00 ms.
Mono: successfully reloaded assembly
- Completed reload, in  1.469 seconds
Platform modules already initialized, skipping
Refreshing native plugins compatible for Editor in 0.47 ms, found 0 plugins.
Preloading 0 native plugins for Editor in 0.00 ms.
Unloading 1129 Unused Serialized files (Serialized files now loaded: 0)
System memory in use before: 68.0 MB.
System memory in use after: 68.1 MB.

Unloading 4 unused Assets to reduce memory usage. Loaded Objects now: 1724.
Total: 3.232500 ms (FindLiveObjects: 0.397100 ms CreateObjectMapping: 0.232800 ms MarkObjects: 2.577900 ms  DeleteObjects: 0.022200 ms)

========================================================================
Received Prepare
Registering precompiled user dll's ...
Registered in 0.000970 seconds.
Begin MonoManager ReloadAssembly
Native extension for WindowsStandalone target not found
Native extension for WebGL target not found
Refreshing native plugins compatible for Editor in 0.27 ms, found 0 plugins.
Preloading 0 native plugins for Editor in 0.00 ms.
Mono: successfully reloaded assembly
- Completed reload, in  1.444 seconds
Platform modules already initialized, skipping
Refreshing native plugins compatible for Editor in 0.25 ms, found 0 plugins.
Preloading 0 native plugins for Editor in 0.00 ms.
Unloading 1129 Unused Serialized files (Serialized files now loaded: 0)
System memory in use before: 68.0 MB.
System memory in use after: 68.1 MB.

Unloading 4 unused Assets to reduce memory usage. Loaded Objects now: 1727.
Total: 2.362600 ms (FindLiveObjects: 0.264900 ms CreateObjectMapping: 0.064100 ms MarkObjects: 2.012200 ms  DeleteObjects: 0.019700 ms)

========================================================================
Received Prepare
Registering precompiled user dll's ...
Registered in 0.001009 seconds.
Begin MonoManager ReloadAssembly
Native extension for WindowsStandalone target not found
Native extension for WebGL target not found
Refreshing native plugins compatible for Editor in 0.28 ms, found 0 plugins.
Preloading 0 native plugins for Editor in 0.00 ms.
Mono: successfully reloaded assembly
- Completed reload, in  1.501 seconds
Platform modules already initialized, skipping
Refreshing native plugins compatible for Editor in 0.25 ms, found 0 plugins.
Preloading 0 native plugins for Editor in 0.00 ms.
Unloading 1130 Unused Serialized files (Serialized files now loaded: 0)
System memory in use before: 68.1 MB.
System memory in use after: 68.2 MB.

Unloading 4 unused Assets to reduce memory usage. Loaded Objects now: 1731.
Total: 2.545000 ms (FindLiveObjects: 0.201100 ms CreateObjectMapping: 0.054400 ms MarkObjects: 2.265700 ms  DeleteObjects: 0.021500 ms)

========================================================================
Received Prepare
Registering precompiled user dll's ...
Registered in 0.000985 seconds.
Begin MonoManager ReloadAssembly
Native extension for WindowsStandalone target not found
Native extension for WebGL target not found
Refreshing native plugins compatible for Editor in 0.58 ms, found 0 plugins.
Preloading 0 native plugins for Editor in 0.00 ms.
Mono: successfully reloaded assembly
- Completed reload, in  1.418 seconds
Platform modules already initialized, skipping
Refreshing native plugins compatible for Editor in 0.30 ms, found 0 plugins.
Preloading 0 native plugins for Editor in 0.00 ms.
Unloading 1130 Unused Serialized files (Serialized files now loaded: 0)
System memory in use before: 68.1 MB.
System memory in use after: 68.2 MB.

Unloading 4 unused Assets to reduce memory usage. Loaded Objects now: 1734.
Total: 2.966300 ms (FindLiveObjects: 0.274900 ms CreateObjectMapping: 0.064400 ms MarkObjects: 2.603400 ms  DeleteObjects: 0.021400 ms)

========================================================================
Received Prepare
Registering precompiled user dll's ...
Registered in 0.001001 seconds.
Begin MonoManager ReloadAssembly
Native extension for WindowsStandalone target not found
Native extension for WebGL target not found
Refreshing native plugins compatible for Editor in 0.27 ms, found 0 plugins.
Preloading 0 native plugins for Editor in 0.00 ms.
Mono: successfully reloaded assembly
- Completed reload, in  1.465 seconds
Platform modules already initialized, skipping
Refreshing native plugins compatible for Editor in 0.25 ms, found 0 plugins.
Preloading 0 native plugins for Editor in 0.00 ms.
Unloading 1130 Unused Serialized files (Serialized files now loaded: 0)
System memory in use before: 68.1 MB.
System memory in use after: 68.2 MB.

Unloading 4 unused Assets to reduce memory usage. Loaded Objects now: 1737.
Total: 1.955800 ms (FindLiveObjects: 0.203400 ms CreateObjectMapping: 0.051100 ms MarkObjects: 1.684200 ms  DeleteObjects: 0.015400 ms)

========================================================================
Received Prepare
Registering precompiled user dll's ...
Registered in 0.001058 seconds.
Begin MonoManager ReloadAssembly
Native extension for WindowsStandalone target not found
Native extension for WebGL target not found
Refreshing native plugins compatible for Editor in 0.27 ms, found 0 plugins.
Preloading 0 native plugins for Editor in 0.00 ms.
Mono: successfully reloaded assembly
- Completed reload, in  1.420 seconds
Platform modules already initialized, skipping
Refreshing native plugins compatible for Editor in 0.25 ms, found 0 plugins.
Preloading 0 native plugins for Editor in 0.00 ms.
Unloading 1130 Unused Serialized files (Serialized files now loaded: 0)
System memory in use before: 68.1 MB.
System memory in use after: 68.2 MB.

Unloading 4 unused Assets to reduce memory usage. Loaded Objects now: 1740.
Total: 2.172400 ms (FindLiveObjects: 0.324700 ms CreateObjectMapping: 0.052100 ms MarkObjects: 1.727300 ms  DeleteObjects: 0.065900 ms)

========================================================================
Received Prepare
Registering precompiled user dll's ...
Registered in 0.001866 seconds.
Begin MonoManager ReloadAssembly
Native extension for WindowsStandalone target not found
Native extension for WebGL target not found
Refreshing native plugins compatible for Editor in 0.35 ms, found 0 plugins.
Preloading 0 native plugins for Editor in 0.00 ms.
Mono: successfully reloaded assembly
- Completed reload, in  1.465 seconds
Platform modules already initialized, skipping
Refreshing native plugins compatible for Editor in 0.39 ms, found 0 plugins.
Preloading 0 native plugins for Editor in 0.00 ms.
Unloading 1130 Unused Serialized files (Serialized files now loaded: 0)
System memory in use before: 68.1 MB.
System memory in use after: 68.2 MB.

Unloading 4 unused Assets to reduce memory usage. Loaded Objects now: 1743.
Total: 2.006500 ms (FindLiveObjects: 0.226100 ms CreateObjectMapping: 0.050400 ms MarkObjects: 1.703700 ms  DeleteObjects: 0.023900 ms)

========================================================================
Received Prepare
Registering precompiled user dll's ...
Registered in 0.001280 seconds.
Begin MonoManager ReloadAssembly
Native extension for WindowsStandalone target not found
Native extension for WebGL target not found
Refreshing native plugins compatible for Editor in 0.60 ms, found 0 plugins.
Preloading 0 native plugins for Editor in 0.00 ms.
Mono: successfully reloaded assembly
- Completed reload, in  1.353 seconds
Platform modules already initialized, skipping
Refreshing native plugins compatible for Editor in 0.27 ms, found 0 plugins.
Preloading 0 native plugins for Editor in 0.00 ms.
Unloading 1130 Unused Serialized files (Serialized files now loaded: 0)
System memory in use before: 68.1 MB.
System memory in use after: 68.2 MB.

Unloading 4 unused Assets to reduce memory usage. Loaded Objects now: 1746.
Total: 1.839700 ms (FindLiveObjects: 0.177400 ms CreateObjectMapping: 0.048300 ms MarkObjects: 1.595400 ms  DeleteObjects: 0.016800 ms)

========================================================================
Received Prepare
Registering precompiled user dll's ...
Registered in 0.001203 seconds.
Begin MonoManager ReloadAssembly
Native extension for WindowsStandalone target not found
Native extension for WebGL target not found
Refreshing native plugins compatible for Editor in 0.28 ms, found 0 plugins.
Preloading 0 native plugins for Editor in 0.00 ms.
Mono: successfully reloaded assembly
- Completed reload, in  1.750 seconds
Platform modules already initialized, skipping
Refreshing native plugins compatible for Editor in 0.41 ms, found 0 plugins.
Preloading 0 native plugins for Editor in 0.00 ms.
Unloading 1130 Unused Serialized files (Serialized files now loaded: 0)
System memory in use before: 68.1 MB.
System memory in use after: 68.2 MB.

Unloading 4 unused Assets to reduce memory usage. Loaded Objects now: 1749.
Total: 2.324500 ms (FindLiveObjects: 0.267600 ms CreateObjectMapping: 0.074700 ms MarkObjects: 1.958500 ms  DeleteObjects: 0.022100 ms)

========================================================================
Received Prepare
Registering precompiled user dll's ...
Registered in 0.001292 seconds.
Begin MonoManager ReloadAssembly
Native extension for WindowsStandalone target not found
Native extension for WebGL target not found
Refreshing native plugins compatible for Editor in 0.32 ms, found 0 plugins.
Preloading 0 native plugins for Editor in 0.00 ms.
Mono: successfully reloaded assembly
- Completed reload, in  1.536 seconds
Platform modules already initialized, skipping
Refreshing native plugins compatible for Editor in 0.29 ms, found 0 plugins.
Preloading 0 native plugins for Editor in 0.00 ms.
Unloading 1130 Unused Serialized files (Serialized files now loaded: 0)
System memory in use before: 68.1 MB.
System memory in use after: 68.2 MB.

Unloading 4 unused Assets to reduce memory usage. Loaded Objects now: 1752.
Total: 2.330900 ms (FindLiveObjects: 0.363500 ms CreateObjectMapping: 0.095900 ms MarkObjects: 1.851200 ms  DeleteObjects: 0.018700 ms)

========================================================================
Received Prepare
Registering precompiled user dll's ...
Registered in 0.001083 seconds.
Begin MonoManager ReloadAssembly
Native extension for WindowsStandalone target not found
Native extension for WebGL target not found
Refreshing native plugins compatible for Editor in 0.35 ms, found 0 plugins.
Preloading 0 native plugins for Editor in 0.00 ms.
Mono: successfully reloaded assembly
- Completed reload, in  1.300 seconds
Platform modules already initialized, skipping
Refreshing native plugins compatible for Editor in 0.26 ms, found 0 plugins.
Preloading 0 native plugins for Editor in 0.00 ms.
Unloading 1130 Unused Serialized files (Serialized files now loaded: 0)
System memory in use before: 68.1 MB.
System memory in use after: 68.2 MB.

Unloading 4 unused Assets to reduce memory usage. Loaded Objects now: 1755.
Total: 1.853800 ms (FindLiveObjects: 0.226900 ms CreateObjectMapping: 0.044700 ms MarkObjects: 1.563600 ms  DeleteObjects: 0.016700 ms)

========================================================================
Received Prepare
Registering precompiled user dll's ...
Registered in 0.001156 seconds.
Begin MonoManager ReloadAssembly
Native extension for WindowsStandalone target not found
Native extension for WebGL target not found
Refreshing native plugins compatible for Editor in 0.43 ms, found 0 plugins.
Preloading 0 native plugins for Editor in 0.00 ms.
Mono: successfully reloaded assembly
- Completed reload, in  2.058 seconds
Platform modules already initialized, skipping
Refreshing native plugins compatible for Editor in 0.97 ms, found 0 plugins.
Preloading 0 native plugins for Editor in 0.00 ms.
Unloading 1130 Unused Serialized files (Serialized files now loaded: 0)
System memory in use before: 68.1 MB.
System memory in use after: 68.2 MB.

Unloading 4 unused Assets to reduce memory usage. Loaded Objects now: 1758.
Total: 2.711700 ms (FindLiveObjects: 0.409200 ms CreateObjectMapping: 0.118900 ms MarkObjects: 2.161100 ms  DeleteObjects: 0.020000 ms)

========================================================================
Received Prepare
Registering precompiled user dll's ...
Registered in 0.001906 seconds.
Begin MonoManager ReloadAssembly
Native extension for WindowsStandalone target not found
Native extension for WebGL target not found
Refreshing native plugins compatible for Editor in 0.32 ms, found 0 plugins.
Preloading 0 native plugins for Editor in 0.00 ms.
Mono: successfully reloaded assembly
- Completed reload, in  1.667 seconds
Platform modules already initialized, skipping
Refreshing native plugins compatible for Editor in 0.45 ms, found 0 plugins.
Preloading 0 native plugins for Editor in 0.00 ms.
Unloading 1130 Unused Serialized files (Serialized files now loaded: 0)
System memory in use before: 68.1 MB.
System memory in use after: 68.2 MB.

Unloading 4 unused Assets to reduce memory usage. Loaded Objects now: 1761.
Total: 3.838200 ms (FindLiveObjects: 0.222100 ms CreateObjectMapping: 0.060000 ms MarkObjects: 3.525700 ms  DeleteObjects: 0.027500 ms)

========================================================================
Received Prepare
Registering precompiled user dll's ...
Registered in 0.001591 seconds.
Begin MonoManager ReloadAssembly
Native extension for WindowsStandalone target not found
Native extension for WebGL target not found
Refreshing native plugins compatible for Editor in 0.36 ms, found 0 plugins.
Preloading 0 native plugins for Editor in 0.00 ms.
Mono: successfully reloaded assembly
- Completed reload, in  1.812 seconds
Platform modules already initialized, skipping
Refreshing native plugins compatible for Editor in 0.52 ms, found 0 plugins.
Preloading 0 native plugins for Editor in 0.00 ms.
Unloading 1130 Unused Serialized files (Serialized files now loaded: 0)
System memory in use before: 68.1 MB.
System memory in use after: 68.2 MB.

Unloading 4 unused Assets to reduce memory usage. Loaded Objects now: 1764.
Total: 2.515700 ms (FindLiveObjects: 0.257900 ms CreateObjectMapping: 0.073800 ms MarkObjects: 2.157700 ms  DeleteObjects: 0.022400 ms)

========================================================================
Received Prepare
Registering precompiled user dll's ...
Registered in 0.001342 seconds.
Begin MonoManager ReloadAssembly
Native extension for WindowsStandalone target not found
Native extension for WebGL target not found
Refreshing native plugins compatible for Editor in 0.31 ms, found 0 plugins.
Preloading 0 native plugins for Editor in 0.00 ms.
Mono: successfully reloaded assembly
- Completed reload, in  1.763 seconds
Platform modules already initialized, skipping
Refreshing native plugins compatible for Editor in 0.57 ms, found 0 plugins.
Preloading 0 native plugins for Editor in 0.00 ms.
Unloading 1130 Unused Serialized files (Serialized files now loaded: 0)
System memory in use before: 68.1 MB.
System memory in use after: 68.2 MB.

Unloading 4 unused Assets to reduce memory usage. Loaded Objects now: 1767.
Total: 2.633800 ms (FindLiveObjects: 0.334600 ms CreateObjectMapping: 0.108100 ms MarkObjects: 2.166800 ms  DeleteObjects: 0.022800 ms)

========================================================================
Received Prepare
Registering precompiled user dll's ...
Registered in 0.001627 seconds.
Begin MonoManager ReloadAssembly
Native extension for WindowsStandalone target not found
Native extension for WebGL target not found
Refreshing native plugins compatible for Editor in 0.33 ms, found 0 plugins.
Preloading 0 native plugins for Editor in 0.00 ms.
Mono: successfully reloaded assembly
- Completed reload, in  2.474 seconds
Platform modules already initialized, skipping
Refreshing native plugins compatible for Editor in 0.30 ms, found 0 plugins.
Preloading 0 native plugins for Editor in 0.00 ms.
Unloading 1130 Unused Serialized files (Serialized files now loaded: 0)
System memory in use before: 68.1 MB.
System memory in use after: 68.2 MB.

Unloading 4 unused Assets to reduce memory usage. Loaded Objects now: 1770.
Total: 5.190600 ms (FindLiveObjects: 0.441900 ms CreateObjectMapping: 0.106900 ms MarkObjects: 4.589200 ms  DeleteObjects: 0.050200 ms)

========================================================================
Received Prepare
Registering precompiled user dll's ...
Registered in 0.001187 seconds.
Begin MonoManager ReloadAssembly
Native extension for WindowsStandalone target not found
Native extension for WebGL target not found
Refreshing native plugins compatible for Editor in 0.40 ms, found 0 plugins.
Preloading 0 native plugins for Editor in 0.00 ms.
Mono: successfully reloaded assembly
- Completed reload, in  1.976 seconds
Platform modules already initialized, skipping
Refreshing native plugins compatible for Editor in 0.26 ms, found 0 plugins.
Preloading 0 native plugins for Editor in 0.00 ms.
Unloading 1130 Unused Serialized files (Serialized files now loaded: 0)
System memory in use before: 68.1 MB.
System memory in use after: 68.2 MB.

Unloading 4 unused Assets to reduce memory usage. Loaded Objects now: 1773.
Total: 3.028100 ms (FindLiveObjects: 0.636300 ms CreateObjectMapping: 0.127900 ms MarkObjects: 2.240900 ms  DeleteObjects: 0.020200 ms)

AssetImportWorkerClient::OnTransportError - code=2 error=End of file
