Using pre-set license
Built from '2020.3/staging' branch; Version is '2020.3.6f1 (338bb68529b2) revision 3378102'; Using compiler version '192528614'; Build Type 'Release'
OS: 'Windows 10 Home Single Language; OS build 19041.985; Version 2004; 64bit' Language: 'es' Physical Memory: 6091 MB
BatchMode: 1, IsHumanControllingUs: 0, StartBugReporterOnCrash: 0, Is64bit: 1, IsPro: 0

 COMMAND LINE ARGUMENTS:
C:\Program Files\Unity\Hub\Editor\2020.3.6f1\Editor\Unity.exe
-adb2
-batchMode
-noUpm
-name
AssetImportWorker0
-projectPath
C:/Users/julia/Documents/Proyecto_DesarrolloVideoJuegos/The-Minotaur-sMaze
-logFile
Logs/AssetImportWorker0.log
-srvPort
50179
Successfully changed project path to: C:/Users/julia/Documents/Proyecto_DesarrolloVideoJuegos/The-Minotaur-sMaze
C:/Users/julia/Documents/Proyecto_DesarrolloVideoJuegos/The-Minotaur-sMaze
Using Asset Import Pipeline V2.
Refreshing native plugins compatible for Editor in 38.34 ms, found 0 plugins.
Preloading 0 native plugins for Editor in 0.00 ms.
Initialize engine version: 2020.3.6f1 (338bb68529b2)
[Subsystems] Discovering subsystems at path C:/Program Files/Unity/Hub/Editor/2020.3.6f1/Editor/Data/Resources/UnitySubsystems
[Subsystems] Discovering subsystems at path C:/Users/julia/Documents/Proyecto_DesarrolloVideoJuegos/The-Minotaur-sMaze/Assets
GfxDevice: creating device client; threaded=0
Direct3D:
    Version:  Direct3D 11.0 [level 11.1]
    Renderer: NVIDIA GeForce MX230 (ID=0x1d11)
    Vendor:   
    VRAM:     1984 MB
    Driver:   27.21.14.5763
Initialize mono
Mono path[0] = 'C:/Program Files/Unity/Hub/Editor/2020.3.6f1/Editor/Data/Managed'
Mono path[1] = 'C:/Program Files/Unity/Hub/Editor/2020.3.6f1/Editor/Data/MonoBleedingEdge/lib/mono/unityjit'
Mono config path = 'C:/Program Files/Unity/Hub/Editor/2020.3.6f1/Editor/Data/MonoBleedingEdge/etc'
Using monoOptions --debugger-agent=transport=dt_socket,embedding=1,server=y,suspend=n,address=127.0.0.1:56776
Begin MonoManager ReloadAssembly
Registering precompiled unity dll's ...
Register platform support module: C:/Program Files/Unity/Hub/Editor/2020.3.6f1/Editor/Data/PlaybackEngines/WebGLSupport/UnityEditor.WebGL.Extensions.dll
Register platform support module: C:/Program Files/Unity/Hub/Editor/2020.3.6f1/Editor/Data/PlaybackEngines/WindowsStandaloneSupport/UnityEditor.WindowsStandalone.Extensions.dll
Registered in 0.003833 seconds.
Native extension for WindowsStandalone target not found
Native extension for WebGL target not found
Refreshing native plugins compatible for Editor in 38.49 ms, found 0 plugins.
Preloading 0 native plugins for Editor in 0.00 ms.
Mono: successfully reloaded assembly
- Completed reload, in  3.514 seconds
Platform modules already initialized, skipping
Registering precompiled user dll's ...
Registered in 0.001006 seconds.
Begin MonoManager ReloadAssembly
Native extension for WindowsStandalone target not found
Native extension for WebGL target not found
Refreshing native plugins compatible for Editor in 0.33 ms, found 0 plugins.
Preloading 0 native plugins for Editor in 0.00 ms.
Mono: successfully reloaded assembly
- Completed reload, in  1.629 seconds
Platform modules already initialized, skipping
========================================================================
Worker process is ready to serve import requests
Launched and connected shader compiler UnityShaderCompiler.exe after 0.09 seconds
Refreshing native plugins compatible for Editor in 0.43 ms, found 0 plugins.
Preloading 0 native plugins for Editor in 0.00 ms.
Unloading 1129 Unused Serialized files (Serialized files now loaded: 0)
System memory in use before: 64.4 MB.
System memory in use after: 64.5 MB.

Unloading 9 unused Assets to reduce memory usage. Loaded Objects now: 1585.
Total: 2.419800 ms (FindLiveObjects: 0.248700 ms CreateObjectMapping: 0.046800 ms MarkObjects: 2.031100 ms  DeleteObjects: 0.090800 ms)

========================================================================
Received Import Request.
  path: Assets/MazeGenerator/Realidad_Aumentada.avi
  artifactKey: Guid(3839beec8a94a9549ad802cec2b11f1c) Importer(815301076,1909f56bfc062723c751e8b465ee728b)
Start importing Assets/MazeGenerator/Realidad_Aumentada.avi using Guid(3839beec8a94a9549ad802cec2b11f1c) Importer(815301076,1909f56bfc062723c751e8b465ee728b)  -> (artifact id: '741ac7c561b9eeeaeae62e1bdf7eaa9a') in 0.126260 seconds
  Import took 0.129958 seconds .

========================================================================
Received Prepare
Registering precompiled user dll's ...
Registered in 0.001355 seconds.
Begin MonoManager ReloadAssembly
Native extension for WindowsStandalone target not found
Native extension for WebGL target not found
Refreshing native plugins compatible for Editor in 0.41 ms, found 0 plugins.
Preloading 0 native plugins for Editor in 0.00 ms.
Mono: successfully reloaded assembly
- Completed reload, in  1.150 seconds
Platform modules already initialized, skipping
Refreshing native plugins compatible for Editor in 0.36 ms, found 0 plugins.
Preloading 0 native plugins for Editor in 0.00 ms.
Unloading 1123 Unused Serialized files (Serialized files now loaded: 0)
System memory in use before: 64.2 MB.
System memory in use after: 64.3 MB.

Unloading 4 unused Assets to reduce memory usage. Loaded Objects now: 1588.
Total: 2.230300 ms (FindLiveObjects: 0.220300 ms CreateObjectMapping: 0.039800 ms MarkObjects: 1.948600 ms  DeleteObjects: 0.019700 ms)

========================================================================
Received Import Request.
  Time since last request: 518.760082 seconds.
  path: Assets/MazeGenerator/Inicio_The Minotaur`s Maze.mp4
  artifactKey: Guid(9af322fbc7c78c340b502ff06ffed390) Importer(815301076,1909f56bfc062723c751e8b465ee728b)
Start importing Assets/MazeGenerator/Inicio_The Minotaur`s Maze.mp4 using Guid(9af322fbc7c78c340b502ff06ffed390) Importer(815301076,1909f56bfc062723c751e8b465ee728b)  -> (artifact id: '29d849f41bdddced2688a22117b87176') in 0.034619 seconds
  Import took 0.039437 seconds .

========================================================================
Received Prepare
Registering precompiled user dll's ...
Registered in 0.001070 seconds.
Begin MonoManager ReloadAssembly
Native extension for WindowsStandalone target not found
Native extension for WebGL target not found
Refreshing native plugins compatible for Editor in 0.50 ms, found 0 plugins.
Preloading 0 native plugins for Editor in 0.00 ms.
Mono: successfully reloaded assembly
- Completed reload, in  1.051 seconds
Platform modules already initialized, skipping
Refreshing native plugins compatible for Editor in 0.32 ms, found 0 plugins.
Preloading 0 native plugins for Editor in 0.00 ms.
Unloading 1123 Unused Serialized files (Serialized files now loaded: 0)
System memory in use before: 64.3 MB.
System memory in use after: 64.4 MB.

Unloading 4 unused Assets to reduce memory usage. Loaded Objects now: 1591.
Total: 3.514600 ms (FindLiveObjects: 0.460900 ms CreateObjectMapping: 0.150900 ms MarkObjects: 2.864500 ms  DeleteObjects: 0.034500 ms)

========================================================================
Received Import Request.
  Time since last request: 185.149600 seconds.
  path: Assets/MazeGenerator/Videos
  artifactKey: Guid(4d71fcabcb2e2b342bd09efe32e43991) Importer(815301076,1909f56bfc062723c751e8b465ee728b)
Start importing Assets/MazeGenerator/Videos using Guid(4d71fcabcb2e2b342bd09efe32e43991) Importer(815301076,1909f56bfc062723c751e8b465ee728b)  -> (artifact id: '9d4275ddc6c85e85fca514275367d610') in 0.015587 seconds
  Import took 0.018880 seconds .

========================================================================
Received Import Request.
  Time since last request: 287.149988 seconds.
  path: Assets/MazeGenerator/Videos/Video_Inicio.renderTexture
  artifactKey: Guid(d353829100fce6b4f8a2339fba655818) Importer(815301076,1909f56bfc062723c751e8b465ee728b)
Start importing Assets/MazeGenerator/Videos/Video_Inicio.renderTexture using Guid(d353829100fce6b4f8a2339fba655818) Importer(815301076,1909f56bfc062723c751e8b465ee728b)  -> (artifact id: '06ff9afd2ac17019a24067d77b3e5c83') in 0.144563 seconds
  Import took 0.148560 seconds .

========================================================================
Received Prepare
Registering precompiled user dll's ...
Registered in 0.000982 seconds.
Begin MonoManager ReloadAssembly
Native extension for WindowsStandalone target not found
Native extension for WebGL target not found
Refreshing native plugins compatible for Editor in 0.29 ms, found 0 plugins.
Preloading 0 native plugins for Editor in 0.00 ms.
Mono: successfully reloaded assembly
- Completed reload, in  1.032 seconds
Platform modules already initialized, skipping
Refreshing native plugins compatible for Editor in 0.30 ms, found 0 plugins.
Preloading 0 native plugins for Editor in 0.00 ms.
Unloading 1123 Unused Serialized files (Serialized files now loaded: 0)
System memory in use before: 67.4 MB.
System memory in use after: 67.5 MB.

Unloading 4 unused Assets to reduce memory usage. Loaded Objects now: 1599.
Total: 2.469300 ms (FindLiveObjects: 0.265300 ms CreateObjectMapping: 0.048600 ms MarkObjects: 2.132000 ms  DeleteObjects: 0.021500 ms)

========================================================================
Received Prepare
Registering precompiled user dll's ...
Registered in 0.001631 seconds.
Begin MonoManager ReloadAssembly
Native extension for WindowsStandalone target not found
Native extension for WebGL target not found
Refreshing native plugins compatible for Editor in 0.30 ms, found 0 plugins.
Preloading 0 native plugins for Editor in 0.00 ms.
Mono: successfully reloaded assembly
- Completed reload, in  1.165 seconds
Platform modules already initialized, skipping
Refreshing native plugins compatible for Editor in 0.33 ms, found 0 plugins.
Preloading 0 native plugins for Editor in 0.00 ms.
Unloading 1123 Unused Serialized files (Serialized files now loaded: 0)
System memory in use before: 67.4 MB.
System memory in use after: 67.5 MB.

Unloading 4 unused Assets to reduce memory usage. Loaded Objects now: 1602.
Total: 4.315100 ms (FindLiveObjects: 0.263700 ms CreateObjectMapping: 0.075200 ms MarkObjects: 3.938700 ms  DeleteObjects: 0.034000 ms)

========================================================================
Received Import Request.
  Time since last request: 1108.471343 seconds.
  path: Assets/MazeGenerator/Fuente
  artifactKey: Guid(0427cd49486cd7e49997b4bcbc7e7d5d) Importer(815301076,1909f56bfc062723c751e8b465ee728b)
Start importing Assets/MazeGenerator/Fuente using Guid(0427cd49486cd7e49997b4bcbc7e7d5d) Importer(815301076,1909f56bfc062723c751e8b465ee728b)  -> (artifact id: 'df673579995b92a782290bbd227af54d') in 0.017628 seconds
  Import took 0.021916 seconds .

========================================================================
Received Import Request.
  Time since last request: 17.201555 seconds.
  path: Assets/MazeGenerator/Fuente/Dalek.ttf
  artifactKey: Guid(7d9cbf63c686e354a8878dbb119916e6) Importer(815301076,1909f56bfc062723c751e8b465ee728b)
Start importing Assets/MazeGenerator/Fuente/Dalek.ttf using Guid(7d9cbf63c686e354a8878dbb119916e6) Importer(815301076,1909f56bfc062723c751e8b465ee728b)  -> (artifact id: 'b9ca45305c981ff0e3009e0f7b535caf') in 0.157811 seconds
  Import took 0.162432 seconds .

========================================================================
Received Import Request.
  Time since last request: 0.003805 seconds.
  path: Assets/MazeGenerator/Fuente/Dalek.ttf
  artifactKey: Guid(7d9cbf63c686e354a8878dbb119916e6) Importer(815301076,1909f56bfc062723c751e8b465ee728b)
Start importing Assets/MazeGenerator/Fuente/Dalek.ttf using Guid(7d9cbf63c686e354a8878dbb119916e6) Importer(815301076,1909f56bfc062723c751e8b465ee728b)  -> (artifact id: 'b9ca45305c981ff0e3009e0f7b535caf') in 0.015824 seconds
  Import took 0.019722 seconds .

========================================================================
Received Prepare
Registering precompiled user dll's ...
Registered in 0.001329 seconds.
Begin MonoManager ReloadAssembly
Native extension for WindowsStandalone target not found
Native extension for WebGL target not found
Refreshing native plugins compatible for Editor in 0.41 ms, found 0 plugins.
Preloading 0 native plugins for Editor in 0.00 ms.
Mono: successfully reloaded assembly
- Completed reload, in  1.145 seconds
Platform modules already initialized, skipping
Refreshing native plugins compatible for Editor in 0.31 ms, found 0 plugins.
Preloading 0 native plugins for Editor in 0.00 ms.
Unloading 1123 Unused Serialized files (Serialized files now loaded: 0)
System memory in use before: 67.8 MB.
System memory in use after: 67.9 MB.

Unloading 4 unused Assets to reduce memory usage. Loaded Objects now: 1647.
Total: 2.386500 ms (FindLiveObjects: 0.218000 ms CreateObjectMapping: 0.043500 ms MarkObjects: 2.104100 ms  DeleteObjects: 0.019100 ms)

========================================================================
Received Import Request.
  Time since last request: 375.757459 seconds.
  path: Assets/Scenes/Menu_Inicio.unity
  artifactKey: Guid(af84c9ccad0879244a521496bcc73026) Importer(815301076,1909f56bfc062723c751e8b465ee728b)
Start importing Assets/Scenes/Menu_Inicio.unity using Guid(af84c9ccad0879244a521496bcc73026) Importer(815301076,1909f56bfc062723c751e8b465ee728b)  -> (artifact id: '2ed6220b6f9fc508a67106a97cc5b418') in 0.031555 seconds
  Import took 0.037193 seconds .

========================================================================
Received Import Request.
  Time since last request: 25.039347 seconds.
  path: Assets/MazeGenerator/Videos/ElegirDificultas_The Minotaur`s Maze.mp4
  artifactKey: Guid(0e91e643dc492b140a404dd2e582c4ae) Importer(815301076,1909f56bfc062723c751e8b465ee728b)
Start importing Assets/MazeGenerator/Videos/ElegirDificultas_The Minotaur`s Maze.mp4 using Guid(0e91e643dc492b140a404dd2e582c4ae) Importer(815301076,1909f56bfc062723c751e8b465ee728b)  -> (artifact id: '525bce4324f5b6930abcf543740e1a96') in 0.015755 seconds
  Import took 0.025116 seconds .

========================================================================
Received Prepare
Registering precompiled user dll's ...
Registered in 0.001017 seconds.
Begin MonoManager ReloadAssembly
Native extension for WindowsStandalone target not found
Native extension for WebGL target not found
Refreshing native plugins compatible for Editor in 0.34 ms, found 0 plugins.
Preloading 0 native plugins for Editor in 0.00 ms.
Mono: successfully reloaded assembly
- Completed reload, in  1.035 seconds
Platform modules already initialized, skipping
Refreshing native plugins compatible for Editor in 0.39 ms, found 0 plugins.
Preloading 0 native plugins for Editor in 0.00 ms.
Unloading 1123 Unused Serialized files (Serialized files now loaded: 0)
System memory in use before: 67.8 MB.
System memory in use after: 67.9 MB.

Unloading 4 unused Assets to reduce memory usage. Loaded Objects now: 1650.
Total: 3.019000 ms (FindLiveObjects: 0.216000 ms CreateObjectMapping: 0.043400 ms MarkObjects: 2.733800 ms  DeleteObjects: 0.023900 ms)

========================================================================
Received Import Request.
  Time since last request: 239.800420 seconds.
  path: Assets/Scenes/principal.unity
  artifactKey: Guid(68179cf8337b1d6469c497488f88f6c2) Importer(815301076,1909f56bfc062723c751e8b465ee728b)
Start importing Assets/Scenes/principal.unity using Guid(68179cf8337b1d6469c497488f88f6c2) Importer(815301076,1909f56bfc062723c751e8b465ee728b)  -> (artifact id: '65be02bbfa4fb9a299e62a3587157585') in 0.026212 seconds
  Import took 0.035682 seconds .

========================================================================
Received Import Request.
  Time since last request: 4.325090 seconds.
  path: Assets/Scenes/Inicio_1.unity
  artifactKey: Guid(fd4931413be06d14c93a25a04f3307cd) Importer(815301076,1909f56bfc062723c751e8b465ee728b)
Start importing Assets/Scenes/Inicio_1.unity using Guid(fd4931413be06d14c93a25a04f3307cd) Importer(815301076,1909f56bfc062723c751e8b465ee728b)  -> (artifact id: '10135965309816b650d9d44cdbf60cfa') in 0.015252 seconds
  Import took 0.024249 seconds .

========================================================================
Received Import Request.
  Time since last request: 11.701677 seconds.
  path: Assets/Scenes/SampleScene.unity
  artifactKey: Guid(9fc0d4010bbf28b4594072e72b8655ab) Importer(815301076,1909f56bfc062723c751e8b465ee728b)
Start importing Assets/Scenes/SampleScene.unity using Guid(9fc0d4010bbf28b4594072e72b8655ab) Importer(815301076,1909f56bfc062723c751e8b465ee728b)  -> (artifact id: 'a52e64d690831dac88f366c099af1e92') in 0.013361 seconds
  Import took 0.023008 seconds .

========================================================================
Received Prepare
Registering precompiled user dll's ...
Registered in 0.000978 seconds.
Begin MonoManager ReloadAssembly
Native extension for WindowsStandalone target not found
Native extension for WebGL target not found
Refreshing native plugins compatible for Editor in 0.28 ms, found 0 plugins.
Preloading 0 native plugins for Editor in 0.00 ms.
Mono: successfully reloaded assembly
- Completed reload, in  1.124 seconds
Platform modules already initialized, skipping
Refreshing native plugins compatible for Editor in 0.32 ms, found 0 plugins.
Preloading 0 native plugins for Editor in 0.00 ms.
Unloading 1124 Unused Serialized files (Serialized files now loaded: 0)
System memory in use before: 67.8 MB.
System memory in use after: 67.9 MB.

Unloading 4 unused Assets to reduce memory usage. Loaded Objects now: 1654.
Total: 2.593200 ms (FindLiveObjects: 0.288900 ms CreateObjectMapping: 0.053900 ms MarkObjects: 2.226300 ms  DeleteObjects: 0.022300 ms)

========================================================================
Received Import Request.
  Time since last request: 96.998025 seconds.
  path: Assets/controladorMenu_Inicio.cs
  artifactKey: Guid(f371694a2fac6af4080a85dafcc0ccfe) Importer(815301076,1909f56bfc062723c751e8b465ee728b)
Start importing Assets/controladorMenu_Inicio.cs using Guid(f371694a2fac6af4080a85dafcc0ccfe) Importer(815301076,1909f56bfc062723c751e8b465ee728b)  -> (artifact id: '6a844fce3bb67a83e919be6daf861d15') in 0.024935 seconds
  Import took 0.028828 seconds .

========================================================================
Received Import Request.
  Time since last request: 198.316803 seconds.
  path: Assets/Scenes/Menu_Dificultad.unity
  artifactKey: Guid(e3dff8ddb61ee9241b9d0f0d6e9af6a0) Importer(815301076,1909f56bfc062723c751e8b465ee728b)
Start importing Assets/Scenes/Menu_Dificultad.unity using Guid(e3dff8ddb61ee9241b9d0f0d6e9af6a0) Importer(815301076,1909f56bfc062723c751e8b465ee728b)  -> (artifact id: '133573fd1f734c0a2eb0abc2bbae848c') in 0.028866 seconds
  Import took 0.033015 seconds .

========================================================================
Received Prepare
Registering precompiled user dll's ...
Registered in 0.001249 seconds.
Begin MonoManager ReloadAssembly
Native extension for WindowsStandalone target not found
Native extension for WebGL target not found
Refreshing native plugins compatible for Editor in 0.42 ms, found 0 plugins.
Preloading 0 native plugins for Editor in 0.00 ms.
Mono: successfully reloaded assembly
- Completed reload, in  1.189 seconds
Platform modules already initialized, skipping
Refreshing native plugins compatible for Editor in 0.34 ms, found 0 plugins.
Preloading 0 native plugins for Editor in 0.00 ms.
Unloading 1124 Unused Serialized files (Serialized files now loaded: 0)
System memory in use before: 67.8 MB.
System memory in use after: 67.9 MB.

Unloading 4 unused Assets to reduce memory usage. Loaded Objects now: 1657.
Total: 3.140200 ms (FindLiveObjects: 0.234500 ms CreateObjectMapping: 0.046700 ms MarkObjects: 2.822900 ms  DeleteObjects: 0.033600 ms)

========================================================================
Received Import Request.
  Time since last request: 60.894903 seconds.
  path: Assets/MazeGenerator/Materials/BallMaterial.mat
  artifactKey: Guid(5479d13a608f99e4baf825fbea6b589a) Importer(815301076,1909f56bfc062723c751e8b465ee728b)
Start importing Assets/MazeGenerator/Materials/BallMaterial.mat using Guid(5479d13a608f99e4baf825fbea6b589a) Importer(815301076,1909f56bfc062723c751e8b465ee728b)  -> (artifact id: '350ce5c30a8f85ebb0f63278c7685e37') in 0.187655 seconds
  Import took 0.191170 seconds .

========================================================================
Received Import Request.
  Time since last request: 0.000287 seconds.
  path: Assets/Personajes/Animations/Eumenes.fbx
  artifactKey: Guid(bc325d019c0a6b447885d17d07689f3b) Importer(815301076,1909f56bfc062723c751e8b465ee728b)
Start importing Assets/Personajes/Animations/Eumenes.fbx using Guid(bc325d019c0a6b447885d17d07689f3b) Importer(815301076,1909f56bfc062723c751e8b465ee728b)  -> (artifact id: '011d2a258cff3c1e39ff2f7dfa70728d') in 0.395107 seconds
  Import took 0.399825 seconds .

========================================================================
Received Import Request.
  Time since last request: 0.000302 seconds.
  path: Assets/Personajes/Animations/Eumenes@Fast Run.fbx
  artifactKey: Guid(cd55365faa5368e429b1c8f903c7c62d) Importer(815301076,1909f56bfc062723c751e8b465ee728b)
Start importing Assets/Personajes/Animations/Eumenes@Fast Run.fbx using Guid(cd55365faa5368e429b1c8f903c7c62d) Importer(815301076,1909f56bfc062723c751e8b465ee728b)  -> (artifact id: 'a579de8742a6ff3769440392d091199d') in 0.141351 seconds
  Import took 0.145641 seconds .

========================================================================
Received Import Request.
  Time since last request: 0.000294 seconds.
  path: Assets/Personajes/Animations/Eumenes@Left Strafe.fbx
  artifactKey: Guid(d59ab859625ebca4c8f7e7bbd0a8dafd) Importer(815301076,1909f56bfc062723c751e8b465ee728b)
Start importing Assets/Personajes/Animations/Eumenes@Left Strafe.fbx using Guid(d59ab859625ebca4c8f7e7bbd0a8dafd) Importer(815301076,1909f56bfc062723c751e8b465ee728b)  -> (artifact id: 'e35e130a590e82615768382c9cb86a73') in 0.153293 seconds
  Import took 0.158053 seconds .

========================================================================
Received Import Request.
  Time since last request: 0.000351 seconds.
  path: Assets/Personajes/Textures/Eumenes.dae
  artifactKey: Guid(b09240e0f9a8fab4891c1acf81ab61eb) Importer(815301076,1909f56bfc062723c751e8b465ee728b)
Start importing Assets/Personajes/Textures/Eumenes.dae using Guid(b09240e0f9a8fab4891c1acf81ab61eb) Importer(815301076,1909f56bfc062723c751e8b465ee728b)  -> (artifact id: '6701723679e9c92d720ea70e6d428306') in 0.138107 seconds
  Import took 0.143119 seconds .

========================================================================
Received Import Request.
  Time since last request: 0.000408 seconds.
  path: Assets/MazeGenerator/Materials/BallMaterial.mat
  artifactKey: Guid(5479d13a608f99e4baf825fbea6b589a) Importer(815301076,1909f56bfc062723c751e8b465ee728b)
Start importing Assets/MazeGenerator/Materials/BallMaterial.mat using Guid(5479d13a608f99e4baf825fbea6b589a) Importer(815301076,1909f56bfc062723c751e8b465ee728b)  -> (artifact id: '350ce5c30a8f85ebb0f63278c7685e37') in 0.028480 seconds
  Import took 0.033267 seconds .

========================================================================
Received Import Request.
  Time since last request: 0.000356 seconds.
  path: Assets/Personajes/Animations/Eumenes@Idle.fbx
  artifactKey: Guid(495e127e709d2e340b19195a0e79a010) Importer(815301076,1909f56bfc062723c751e8b465ee728b)
Start importing Assets/Personajes/Animations/Eumenes@Idle.fbx using Guid(495e127e709d2e340b19195a0e79a010) Importer(815301076,1909f56bfc062723c751e8b465ee728b)  -> (artifact id: 'f652bca429b4cd41c387e40020d804f9') in 0.151609 seconds
  Import took 0.156288 seconds .

========================================================================
Received Import Request.
  Time since last request: 0.000330 seconds.
  path: Assets/MazeGenerator/Materials/BallPhysicsMaterial.physicMaterial
  artifactKey: Guid(2aff0f7edd9968846a0aaf82cd46e5df) Importer(815301076,1909f56bfc062723c751e8b465ee728b)
Start importing Assets/MazeGenerator/Materials/BallPhysicsMaterial.physicMaterial using Guid(2aff0f7edd9968846a0aaf82cd46e5df) Importer(815301076,1909f56bfc062723c751e8b465ee728b)  -> (artifact id: '03b4ab019faf3389fde1c1d889ccfe28') in 0.027077 seconds
  Import took 0.030988 seconds .

========================================================================
Received Import Request.
  Time since last request: 18.473799 seconds.
  path: Assets/controladorMenu_Inicio.cs
  artifactKey: Guid(f371694a2fac6af4080a85dafcc0ccfe) Importer(815301076,1909f56bfc062723c751e8b465ee728b)
Start importing Assets/controladorMenu_Inicio.cs using Guid(f371694a2fac6af4080a85dafcc0ccfe) Importer(815301076,1909f56bfc062723c751e8b465ee728b)  -> (artifact id: '6392184cd848d5f392b3a7026c802852') in 0.005057 seconds
  Import took 0.014182 seconds .

========================================================================
Received Import Request.
  Time since last request: 63.410836 seconds.
  path: Assets/Materials/Column/Column.mat
  artifactKey: Guid(f452b2e80f8e2b84084d480e8542c818) Importer(815301076,1909f56bfc062723c751e8b465ee728b)
Start importing Assets/Materials/Column/Column.mat using Guid(f452b2e80f8e2b84084d480e8542c818) Importer(815301076,1909f56bfc062723c751e8b465ee728b)  -> (artifact id: 'f43fd52abb45fb78e9d966ae166f5b93') in 0.091630 seconds
  Import took 0.098116 seconds .

========================================================================
Received Import Request.
  Time since last request: 0.000313 seconds.
  path: Assets/Personajes/Textures/textures/Eumenes_Beard_specular.png
  artifactKey: Guid(64730f0ebf6ef834195bc1deec7b67dd) Importer(815301076,1909f56bfc062723c751e8b465ee728b)
Start importing Assets/Personajes/Textures/textures/Eumenes_Beard_specular.png using Guid(64730f0ebf6ef834195bc1deec7b67dd) Importer(815301076,1909f56bfc062723c751e8b465ee728b)  -> (artifact id: '5a96d4829a6036e1cea6e7e415ab4068') in 0.083318 seconds
  Import took 0.087956 seconds .

========================================================================
Received Import Request.
  Time since last request: 0.000485 seconds.
  path: Assets/Personajes/Textures/textures/Eumenes_Beard_normal.png
  artifactKey: Guid(8646bccedf2933b4e83ca4393b7ceac5) Importer(815301076,1909f56bfc062723c751e8b465ee728b)
Start importing Assets/Personajes/Textures/textures/Eumenes_Beard_normal.png using Guid(8646bccedf2933b4e83ca4393b7ceac5) Importer(815301076,1909f56bfc062723c751e8b465ee728b)  -> (artifact id: '31b9f510a28542d53e40ed73ef36d3cd') in 0.033482 seconds
  Import took 0.038109 seconds .

========================================================================
Received Import Request.
  Time since last request: 0.000298 seconds.
  path: Assets/Personajes/Textures/textures/Eumenes_Beard_diffuse.png
  artifactKey: Guid(f2bde173bf57bec43b983e200567370c) Importer(815301076,1909f56bfc062723c751e8b465ee728b)
Start importing Assets/Personajes/Textures/textures/Eumenes_Beard_diffuse.png using Guid(f2bde173bf57bec43b983e200567370c) Importer(815301076,1909f56bfc062723c751e8b465ee728b)  -> (artifact id: '1b688aa7926181f4e2f29b9221ea9f7b') in 0.030887 seconds
  Import took 0.034970 seconds .

========================================================================
Received Import Request.
  Time since last request: 0.000349 seconds.
  path: Assets/Materials/Column/Column.mat
  artifactKey: Guid(f452b2e80f8e2b84084d480e8542c818) Importer(815301076,1909f56bfc062723c751e8b465ee728b)
Start importing Assets/Materials/Column/Column.mat using Guid(f452b2e80f8e2b84084d480e8542c818) Importer(815301076,1909f56bfc062723c751e8b465ee728b)  -> (artifact id: 'f43fd52abb45fb78e9d966ae166f5b93') in 0.048887 seconds
  Import took 0.054375 seconds .

========================================================================
Received Import Request.
  Time since last request: 0.000272 seconds.
  path: Assets/Personajes/Textures/textures/Eumenes_Beard_gloss.png
  artifactKey: Guid(04828e7a99d581f40bde4d132fe2b1aa) Importer(815301076,1909f56bfc062723c751e8b465ee728b)
Start importing Assets/Personajes/Textures/textures/Eumenes_Beard_gloss.png using Guid(04828e7a99d581f40bde4d132fe2b1aa) Importer(815301076,1909f56bfc062723c751e8b465ee728b)  -> (artifact id: '3f9f17683681e34e1bd16b5c3c5fe491') in 0.047947 seconds
  Import took 0.051624 seconds .

========================================================================
Received Prepare
Registering precompiled user dll's ...
Registered in 0.001043 seconds.
Begin MonoManager ReloadAssembly
Native extension for WindowsStandalone target not found
Native extension for WebGL target not found
Refreshing native plugins compatible for Editor in 0.41 ms, found 0 plugins.
Preloading 0 native plugins for Editor in 0.00 ms.
Mono: successfully reloaded assembly
- Completed reload, in  1.229 seconds
Platform modules already initialized, skipping
Refreshing native plugins compatible for Editor in 0.46 ms, found 0 plugins.
Preloading 0 native plugins for Editor in 0.00 ms.
Unloading 1124 Unused Serialized files (Serialized files now loaded: 0)
System memory in use before: 81.8 MB.
System memory in use after: 81.9 MB.

Unloading 4 unused Assets to reduce memory usage. Loaded Objects now: 1667.
Total: 2.607500 ms (FindLiveObjects: 0.230900 ms CreateObjectMapping: 0.042100 ms MarkObjects: 2.311900 ms  DeleteObjects: 0.020700 ms)

========================================================================
Received Import Request.
  Time since last request: 292.170303 seconds.
  path: Assets/Scenes/Menu_Dificultad.unity
  artifactKey: Guid(e3dff8ddb61ee9241b9d0f0d6e9af6a0) Importer(815301076,1909f56bfc062723c751e8b465ee728b)
Start importing Assets/Scenes/Menu_Dificultad.unity using Guid(e3dff8ddb61ee9241b9d0f0d6e9af6a0) Importer(815301076,1909f56bfc062723c751e8b465ee728b)  -> (artifact id: 'f2483b62c8a6a5aac7bfc5cf2693806e') in 0.020585 seconds
  Import took 0.031187 seconds .

========================================================================
Received Prepare
Registering precompiled user dll's ...
Registered in 0.001415 seconds.
Begin MonoManager ReloadAssembly
Native extension for WindowsStandalone target not found
Native extension for WebGL target not found
Refreshing native plugins compatible for Editor in 0.30 ms, found 0 plugins.
Preloading 0 native plugins for Editor in 0.00 ms.
Mono: successfully reloaded assembly
- Completed reload, in  1.131 seconds
Platform modules already initialized, skipping
Refreshing native plugins compatible for Editor in 0.32 ms, found 0 plugins.
Preloading 0 native plugins for Editor in 0.00 ms.
Unloading 1124 Unused Serialized files (Serialized files now loaded: 0)
System memory in use before: 81.8 MB.
System memory in use after: 81.9 MB.

Unloading 4 unused Assets to reduce memory usage. Loaded Objects now: 1670.
Total: 2.369200 ms (FindLiveObjects: 0.227800 ms CreateObjectMapping: 0.039100 ms MarkObjects: 2.077400 ms  DeleteObjects: 0.022600 ms)

========================================================================
Received Prepare
Registering precompiled user dll's ...
Registered in 0.001467 seconds.
Begin MonoManager ReloadAssembly
Native extension for WindowsStandalone target not found
Native extension for WebGL target not found
Refreshing native plugins compatible for Editor in 0.32 ms, found 0 plugins.
Preloading 0 native plugins for Editor in 0.00 ms.
Mono: successfully reloaded assembly
- Completed reload, in  1.285 seconds
Platform modules already initialized, skipping
Refreshing native plugins compatible for Editor in 0.36 ms, found 0 plugins.
Preloading 0 native plugins for Editor in 0.00 ms.
Unloading 1124 Unused Serialized files (Serialized files now loaded: 0)
System memory in use before: 81.8 MB.
System memory in use after: 81.9 MB.

Unloading 4 unused Assets to reduce memory usage. Loaded Objects now: 1673.
Total: 2.454200 ms (FindLiveObjects: 0.264600 ms CreateObjectMapping: 0.045100 ms MarkObjects: 2.120200 ms  DeleteObjects: 0.022300 ms)

========================================================================
Received Import Request.
  Time since last request: 249.701336 seconds.
  path: Assets/Materials
  artifactKey: Guid(811cd1fd1d0c1c5438c87409aa79d2dc) Importer(815301076,1909f56bfc062723c751e8b465ee728b)
Start importing Assets/Materials using Guid(811cd1fd1d0c1c5438c87409aa79d2dc) Importer(815301076,1909f56bfc062723c751e8b465ee728b)  -> (artifact id: 'ec50955cb3d7008ebea6b48501cd8da9') in 0.019253 seconds
  Import took 0.023599 seconds .

========================================================================
Received Import Request.
  Time since last request: 2.959390 seconds.
  path: Assets/Materials/Suelo
  artifactKey: Guid(4458d98e865d065429ad5a464f40e149) Importer(815301076,1909f56bfc062723c751e8b465ee728b)
Start importing Assets/Materials/Suelo using Guid(4458d98e865d065429ad5a464f40e149) Importer(815301076,1909f56bfc062723c751e8b465ee728b)  -> (artifact id: 'f171a390aa971bbaca545b2a46a76d48') in 0.022108 seconds
  Import took 0.027144 seconds .

========================================================================
Received Import Request.
  Time since last request: 5.666500 seconds.
  path: Assets/Materials/Column
  artifactKey: Guid(0368e250bfbd9f744897c4d4bab5befd) Importer(815301076,1909f56bfc062723c751e8b465ee728b)
Start importing Assets/Materials/Column using Guid(0368e250bfbd9f744897c4d4bab5befd) Importer(815301076,1909f56bfc062723c751e8b465ee728b)  -> (artifact id: '23fbf6b48c41651c5207277a9cb147f1') in 0.007004 seconds
  Import took 0.017845 seconds .

========================================================================
Received Import Request.
  Time since last request: 32.963134 seconds.
  path: Assets/MazeGenerator/Videos/Opciones_The Minotaur`s Maze.mp4
  artifactKey: Guid(366f4305f0ad18b46bce5e7a850c0d9c) Importer(815301076,1909f56bfc062723c751e8b465ee728b)
Start importing Assets/MazeGenerator/Videos/Opciones_The Minotaur`s Maze.mp4 using Guid(366f4305f0ad18b46bce5e7a850c0d9c) Importer(815301076,1909f56bfc062723c751e8b465ee728b)  -> (artifact id: 'fd961e150a1352e5f3c4983d1cd4cedf') in 0.028059 seconds
  Import took 0.031761 seconds .

========================================================================
Received Prepare
Registering precompiled user dll's ...
Registered in 0.001098 seconds.
Begin MonoManager ReloadAssembly
Native extension for WindowsStandalone target not found
Native extension for WebGL target not found
Refreshing native plugins compatible for Editor in 0.30 ms, found 0 plugins.
Preloading 0 native plugins for Editor in 0.00 ms.
Mono: successfully reloaded assembly
- Completed reload, in  1.147 seconds
Platform modules already initialized, skipping
Refreshing native plugins compatible for Editor in 0.33 ms, found 0 plugins.
Preloading 0 native plugins for Editor in 0.00 ms.
Unloading 1124 Unused Serialized files (Serialized files now loaded: 0)
System memory in use before: 81.8 MB.
System memory in use after: 81.9 MB.

Unloading 4 unused Assets to reduce memory usage. Loaded Objects now: 1676.
Total: 2.740500 ms (FindLiveObjects: 0.229200 ms CreateObjectMapping: 0.044700 ms MarkObjects: 2.441600 ms  DeleteObjects: 0.023300 ms)

========================================================================
Received Import Request.
  Time since last request: 699.701109 seconds.
  path: Assets/controladorMenu_Inicio.cs
  artifactKey: Guid(f371694a2fac6af4080a85dafcc0ccfe) Importer(815301076,1909f56bfc062723c751e8b465ee728b)
Start importing Assets/controladorMenu_Inicio.cs using Guid(f371694a2fac6af4080a85dafcc0ccfe) Importer(815301076,1909f56bfc062723c751e8b465ee728b)  -> (artifact id: '8e39115d531d9fbea56d28015454354a') in 0.012781 seconds
  Import took 0.022989 seconds .

========================================================================
Received Import Request.
  Time since last request: 52.872172 seconds.
  path: Assets/Scenes/Menu_Opciones.unity
  artifactKey: Guid(c5e550d9d024c2f4483df6c8e8ecf5cc) Importer(815301076,1909f56bfc062723c751e8b465ee728b)
Start importing Assets/Scenes/Menu_Opciones.unity using Guid(c5e550d9d024c2f4483df6c8e8ecf5cc) Importer(815301076,1909f56bfc062723c751e8b465ee728b)  -> (artifact id: '86c1aabda19f45072513228f5d871bfb') in 0.030348 seconds
  Import took 0.034336 seconds .

========================================================================
Received Import Request.
  Time since last request: 0.862741 seconds.
  path: Assets/Scenes/Menu_Inicio.unity
  artifactKey: Guid(af84c9ccad0879244a521496bcc73026) Importer(815301076,1909f56bfc062723c751e8b465ee728b)
Start importing Assets/Scenes/Menu_Inicio.unity using Guid(af84c9ccad0879244a521496bcc73026) Importer(815301076,1909f56bfc062723c751e8b465ee728b)  -> (artifact id: '8c728d34d2e0913bf1a8b02331f15045') in 0.005729 seconds
  Import took 0.009299 seconds .

========================================================================
Received Import Request.
  Time since last request: 3.494162 seconds.
  path: Assets/Scenes/Menu_Dificultad.unity
  artifactKey: Guid(e3dff8ddb61ee9241b9d0f0d6e9af6a0) Importer(815301076,1909f56bfc062723c751e8b465ee728b)
Start importing Assets/Scenes/Menu_Dificultad.unity using Guid(e3dff8ddb61ee9241b9d0f0d6e9af6a0) Importer(815301076,1909f56bfc062723c751e8b465ee728b)  -> (artifact id: 'e8c45210470b910e9a20fdad3ef826c5') in 0.005315 seconds
  Import took 0.008983 seconds .

========================================================================
Received Prepare
Registering precompiled user dll's ...
Registered in 0.001166 seconds.
Begin MonoManager ReloadAssembly
Native extension for WindowsStandalone target not found
Native extension for WebGL target not found
Refreshing native plugins compatible for Editor in 0.38 ms, found 0 plugins.
Preloading 0 native plugins for Editor in 0.00 ms.
Mono: successfully reloaded assembly
- Completed reload, in  1.234 seconds
Platform modules already initialized, skipping
Refreshing native plugins compatible for Editor in 0.32 ms, found 0 plugins.
Preloading 0 native plugins for Editor in 0.00 ms.
Unloading 1124 Unused Serialized files (Serialized files now loaded: 0)
System memory in use before: 81.8 MB.
System memory in use after: 81.9 MB.

Unloading 4 unused Assets to reduce memory usage. Loaded Objects now: 1679.
Total: 2.409900 ms (FindLiveObjects: 0.215700 ms CreateObjectMapping: 0.038900 ms MarkObjects: 2.130900 ms  DeleteObjects: 0.022400 ms)

========================================================================
Received Prepare
Registering precompiled user dll's ...
Registered in 0.001129 seconds.
Begin MonoManager ReloadAssembly
Native extension for WindowsStandalone target not found
Native extension for WebGL target not found
Refreshing native plugins compatible for Editor in 0.32 ms, found 0 plugins.
Preloading 0 native plugins for Editor in 0.00 ms.
Mono: successfully reloaded assembly
- Completed reload, in  1.186 seconds
Platform modules already initialized, skipping
Refreshing native plugins compatible for Editor in 0.33 ms, found 0 plugins.
Preloading 0 native plugins for Editor in 0.00 ms.
Unloading 1124 Unused Serialized files (Serialized files now loaded: 0)
System memory in use before: 81.8 MB.
System memory in use after: 81.9 MB.

Unloading 4 unused Assets to reduce memory usage. Loaded Objects now: 1682.
Total: 3.647000 ms (FindLiveObjects: 0.232300 ms CreateObjectMapping: 0.041600 ms MarkObjects: 3.335200 ms  DeleteObjects: 0.035400 ms)

========================================================================
Received Prepare
Registering precompiled user dll's ...
Registered in 0.001269 seconds.
Begin MonoManager ReloadAssembly
Native extension for WindowsStandalone target not found
Native extension for WebGL target not found
Refreshing native plugins compatible for Editor in 0.52 ms, found 0 plugins.
Preloading 0 native plugins for Editor in 0.00 ms.
Mono: successfully reloaded assembly
- Completed reload, in  1.080 seconds
Platform modules already initialized, skipping
Refreshing native plugins compatible for Editor in 0.33 ms, found 0 plugins.
Preloading 0 native plugins for Editor in 0.00 ms.
Unloading 1124 Unused Serialized files (Serialized files now loaded: 0)
System memory in use before: 81.8 MB.
System memory in use after: 81.9 MB.

Unloading 4 unused Assets to reduce memory usage. Loaded Objects now: 1685.
Total: 2.714600 ms (FindLiveObjects: 0.298000 ms CreateObjectMapping: 0.059200 ms MarkObjects: 2.333400 ms  DeleteObjects: 0.021300 ms)

========================================================================
Received Import Request.
  Time since last request: 889.888898 seconds.
  path: Assets/controladorVolumen.cs
  artifactKey: Guid(388f9f478cfd859409f8d0753b1cc79c) Importer(815301076,1909f56bfc062723c751e8b465ee728b)
Start importing Assets/controladorVolumen.cs using Guid(388f9f478cfd859409f8d0753b1cc79c) Importer(815301076,1909f56bfc062723c751e8b465ee728b)  -> (artifact id: '951064c13785592bc828375c808cc2df') in 0.018774 seconds
  Import took 0.023403 seconds .

========================================================================
Received Prepare
Registering precompiled user dll's ...
Registered in 0.001334 seconds.
Begin MonoManager ReloadAssembly
Native extension for WindowsStandalone target not found
Native extension for WebGL target not found
Refreshing native plugins compatible for Editor in 0.32 ms, found 0 plugins.
Preloading 0 native plugins for Editor in 0.00 ms.
Mono: successfully reloaded assembly
- Completed reload, in  1.231 seconds
Platform modules already initialized, skipping
Refreshing native plugins compatible for Editor in 0.48 ms, found 0 plugins.
Preloading 0 native plugins for Editor in 0.00 ms.
Unloading 1125 Unused Serialized files (Serialized files now loaded: 0)
System memory in use before: 81.8 MB.
System memory in use after: 81.9 MB.

Unloading 4 unused Assets to reduce memory usage. Loaded Objects now: 1689.
Total: 2.610300 ms (FindLiveObjects: 0.290300 ms CreateObjectMapping: 0.042000 ms MarkObjects: 2.250700 ms  DeleteObjects: 0.025300 ms)

========================================================================
Received Prepare
Registering precompiled user dll's ...
Registered in 0.001312 seconds.
Begin MonoManager ReloadAssembly
Native extension for WindowsStandalone target not found
Native extension for WebGL target not found
Refreshing native plugins compatible for Editor in 0.31 ms, found 0 plugins.
Preloading 0 native plugins for Editor in 0.00 ms.
Mono: successfully reloaded assembly
- Completed reload, in  1.264 seconds
Platform modules already initialized, skipping
Refreshing native plugins compatible for Editor in 0.34 ms, found 0 plugins.
Preloading 0 native plugins for Editor in 0.00 ms.
Unloading 1125 Unused Serialized files (Serialized files now loaded: 0)
System memory in use before: 81.8 MB.
System memory in use after: 81.9 MB.

Unloading 4 unused Assets to reduce memory usage. Loaded Objects now: 1692.
Total: 3.434600 ms (FindLiveObjects: 0.227900 ms CreateObjectMapping: 0.043400 ms MarkObjects: 3.132900 ms  DeleteObjects: 0.028300 ms)

========================================================================
Received Import Request.
  Time since last request: 424.266312 seconds.
  path: Assets/controladorVolumen.cs
  artifactKey: Guid(388f9f478cfd859409f8d0753b1cc79c) Importer(815301076,1909f56bfc062723c751e8b465ee728b)
Start importing Assets/controladorVolumen.cs using Guid(388f9f478cfd859409f8d0753b1cc79c) Importer(815301076,1909f56bfc062723c751e8b465ee728b)  -> (artifact id: 'fa87d386212c56eeace9842b18633983') in 0.008813 seconds
  Import took 0.019790 seconds .

========================================================================
Received Import Request.
  Time since last request: 19.163866 seconds.
  path: Assets/controladorMenu_Inicio.cs
  artifactKey: Guid(f371694a2fac6af4080a85dafcc0ccfe) Importer(815301076,1909f56bfc062723c751e8b465ee728b)
Start importing Assets/controladorMenu_Inicio.cs using Guid(f371694a2fac6af4080a85dafcc0ccfe) Importer(815301076,1909f56bfc062723c751e8b465ee728b)  -> (artifact id: '56ad7dd6b99aee928566065d2f24104a') in 0.006224 seconds
  Import took 0.011095 seconds .

========================================================================
Received Prepare
Registering precompiled user dll's ...
Registered in 0.001459 seconds.
Begin MonoManager ReloadAssembly
Native extension for WindowsStandalone target not found
Native extension for WebGL target not found
Refreshing native plugins compatible for Editor in 0.35 ms, found 0 plugins.
Preloading 0 native plugins for Editor in 0.00 ms.
Mono: successfully reloaded assembly
- Completed reload, in  1.147 seconds
Platform modules already initialized, skipping
Refreshing native plugins compatible for Editor in 0.34 ms, found 0 plugins.
Preloading 0 native plugins for Editor in 0.00 ms.
Unloading 1125 Unused Serialized files (Serialized files now loaded: 0)
System memory in use before: 81.9 MB.
System memory in use after: 82.0 MB.

Unloading 4 unused Assets to reduce memory usage. Loaded Objects now: 1695.
Total: 3.078900 ms (FindLiveObjects: 0.286100 ms CreateObjectMapping: 0.066600 ms MarkObjects: 2.689000 ms  DeleteObjects: 0.034700 ms)

========================================================================
Received Prepare
Registering precompiled user dll's ...
Registered in 0.001231 seconds.
Begin MonoManager ReloadAssembly
Native extension for WindowsStandalone target not found
Native extension for WebGL target not found
Refreshing native plugins compatible for Editor in 0.33 ms, found 0 plugins.
Preloading 0 native plugins for Editor in 0.00 ms.
Mono: successfully reloaded assembly
- Completed reload, in  1.217 seconds
Platform modules already initialized, skipping
Refreshing native plugins compatible for Editor in 0.31 ms, found 0 plugins.
Preloading 0 native plugins for Editor in 0.00 ms.
Unloading 1125 Unused Serialized files (Serialized files now loaded: 0)
System memory in use before: 81.9 MB.
System memory in use after: 82.0 MB.

Unloading 4 unused Assets to reduce memory usage. Loaded Objects now: 1698.
Total: 3.455200 ms (FindLiveObjects: 0.392800 ms CreateObjectMapping: 0.069400 ms MarkObjects: 2.950200 ms  DeleteObjects: 0.039500 ms)

========================================================================
Received Prepare
Registering precompiled user dll's ...
Registered in 0.001375 seconds.
Begin MonoManager ReloadAssembly
Native extension for WindowsStandalone target not found
Native extension for WebGL target not found
Refreshing native plugins compatible for Editor in 0.31 ms, found 0 plugins.
Preloading 0 native plugins for Editor in 0.00 ms.
Mono: successfully reloaded assembly
- Completed reload, in  1.140 seconds
Platform modules already initialized, skipping
Refreshing native plugins compatible for Editor in 0.31 ms, found 0 plugins.
Preloading 0 native plugins for Editor in 0.00 ms.
Unloading 1125 Unused Serialized files (Serialized files now loaded: 0)
System memory in use before: 81.9 MB.
System memory in use after: 82.0 MB.

Unloading 4 unused Assets to reduce memory usage. Loaded Objects now: 1701.
Total: 2.220900 ms (FindLiveObjects: 0.224000 ms CreateObjectMapping: 0.035700 ms MarkObjects: 1.937400 ms  DeleteObjects: 0.022200 ms)

========================================================================
Received Import Request.
  Time since last request: 380.175013 seconds.
  path: Assets/Scenes/Menu_Pausa.unity
  artifactKey: Guid(36b0052ed31219744baa1a48c8838634) Importer(815301076,1909f56bfc062723c751e8b465ee728b)
Start importing Assets/Scenes/Menu_Pausa.unity using Guid(36b0052ed31219744baa1a48c8838634) Importer(815301076,1909f56bfc062723c751e8b465ee728b)  -> (artifact id: '067044c0bc45d331ea686b998baa02ef') in 0.026241 seconds
  Import took 0.036077 seconds .

========================================================================
Received Import Request.
  Time since last request: 1.279602 seconds.
  path: Assets/Scenes/Menu_Inicio.unity
  artifactKey: Guid(af84c9ccad0879244a521496bcc73026) Importer(815301076,1909f56bfc062723c751e8b465ee728b)
Start importing Assets/Scenes/Menu_Inicio.unity using Guid(af84c9ccad0879244a521496bcc73026) Importer(815301076,1909f56bfc062723c751e8b465ee728b)  -> (artifact id: '7a0a21769c63fa253f59602c812beff0') in 0.008722 seconds
  Import took 0.020131 seconds .

========================================================================
Received Import Request.
  Time since last request: 41.339115 seconds.
  path: Assets/Scenes/Menu_Opciones.unity
  artifactKey: Guid(c5e550d9d024c2f4483df6c8e8ecf5cc) Importer(815301076,1909f56bfc062723c751e8b465ee728b)
Start importing Assets/Scenes/Menu_Opciones.unity using Guid(c5e550d9d024c2f4483df6c8e8ecf5cc) Importer(815301076,1909f56bfc062723c751e8b465ee728b)  -> (artifact id: '594173390f7fc040d8c2339fcf719b43') in 0.006176 seconds
  Import took 0.016194 seconds .

========================================================================
Received Import Request.
  Time since last request: 0.006657 seconds.
  path: Assets/Scenes/Menu_Opciones.unity
  artifactKey: Guid(c5e550d9d024c2f4483df6c8e8ecf5cc) Importer(815301076,1909f56bfc062723c751e8b465ee728b)
Start importing Assets/Scenes/Menu_Opciones.unity using Guid(c5e550d9d024c2f4483df6c8e8ecf5cc) Importer(815301076,1909f56bfc062723c751e8b465ee728b)  -> (artifact id: '594173390f7fc040d8c2339fcf719b43') in 0.006089 seconds
  Import took 0.009742 seconds .

========================================================================
Received Prepare
Registering precompiled user dll's ...
Registered in 0.001754 seconds.
Begin MonoManager ReloadAssembly
Native extension for WindowsStandalone target not found
Native extension for WebGL target not found
Refreshing native plugins compatible for Editor in 0.51 ms, found 0 plugins.
Preloading 0 native plugins for Editor in 0.00 ms.
Mono: successfully reloaded assembly
- Completed reload, in  1.324 seconds
Platform modules already initialized, skipping
Refreshing native plugins compatible for Editor in 0.34 ms, found 0 plugins.
Preloading 0 native plugins for Editor in 0.00 ms.
Unloading 1125 Unused Serialized files (Serialized files now loaded: 0)
System memory in use before: 81.9 MB.
System memory in use after: 82.0 MB.

Unloading 4 unused Assets to reduce memory usage. Loaded Objects now: 1704.
Total: 3.062300 ms (FindLiveObjects: 0.286500 ms CreateObjectMapping: 0.063800 ms MarkObjects: 2.680000 ms  DeleteObjects: 0.029000 ms)

AssetImportWorkerClient::OnTransportError - code=2 error=End of file
